[ 2017-04-28T12:57:44+08:00 ] 0.0.0.0 /training/
INFO: [ app_begin ] --START--
INFO: ReadHtmlCache Behavior ::run [ RunTime:0.003010s ]
INFO: [ app_begin ] --END-- [ RunTime:0.003010s ]
NOTIC: [8192] mysql_connect(): The mysql extension is deprecated and will be removed in the future: use mysqli or PDO instead C:\xampp\htdocs\training\ThinkPHP\Lib\Driver\Db\DbMysql.class.php 第 55 行.
SQL: SHOW COLUMNS FROM `edu_clicknum` [ RunTime:0.016058s ]
NOTIC: [8192] preg_replace(): The /e modifier is deprecated, use preg_replace_callback instead C:\xampp\htdocs\training\ThinkPHP\Lib\Core\Db.class.php 第 604 行.
SQL: SELECT * FROM `edu_clicknum` WHERE ( `id` = 1 ) LIMIT 1   [ RunTime:0.001004s ]
SQL: UPDATE `edu_clicknum` SET `clicknum`=1094,`clicktime`=1493355463 WHERE ( `id` = 1 ) [ RunTime:0.002007s ]
SQL: SHOW COLUMNS FROM `edu_notice` [ RunTime:0.007026s ]
NOTIC: [8192] preg_replace(): The /e modifier is deprecated, use preg_replace_callback instead C:\xampp\htdocs\training\ThinkPHP\Lib\Core\Db.class.php 第 604 行.
SQL: SELECT * FROM `edu_notice` ORDER BY addtime desc LIMIT 6   [ RunTime:0.001003s ]
SQL: SHOW COLUMNS FROM `edu_library` [ RunTime:0.004015s ]
NOTIC: [8192] preg_replace(): The /e modifier is deprecated, use preg_replace_callback instead C:\xampp\htdocs\training\ThinkPHP\Lib\Core\Db.class.php 第 604 行.
SQL: SELECT * FROM `edu_library` ORDER BY addtime desc LIMIT 3   [ RunTime:0.001003s ]
NOTIC: [2] Invalid argument supplied for foreach() C:\xampp\htdocs\training\Home\Lib\Action\IndexAction.class.php 第 19 行.
NOTIC: [8192] preg_replace(): The /e modifier is deprecated, use preg_replace_callback instead C:\xampp\htdocs\training\ThinkPHP\Lib\Core\Db.class.php 第 604 行.
SQL: SELECT * FROM `edu_library` ORDER BY dwloadnum desc LIMIT 10   [ RunTime:0.000000s ]
NOTIC: [2] Invalid argument supplied for foreach() C:\xampp\htdocs\training\Home\Lib\Action\IndexAction.class.php 第 27 行.
SQL: select uid,count(*) num from edu_library group by uid order by num desc limit 8 [ RunTime:0.001004s ]
SQL: SHOW COLUMNS FROM `edu_video` [ RunTime:0.010036s ]
NOTIC: [8192] preg_replace(): The /e modifier is deprecated, use preg_replace_callback instead C:\xampp\htdocs\training\ThinkPHP\Lib\Core\Db.class.php 第 604 行.
SQL: SELECT * FROM `edu_video` ORDER BY addtime desc LIMIT 3   [ RunTime:0.001003s ]
NOTIC: [8192] preg_replace(): The /e modifier is deprecated, use preg_replace_callback instead C:\xampp\htdocs\training\ThinkPHP\Lib\Core\Db.class.php 第 604 行.
SQL: SELECT * FROM `edu_video` WHERE ( status=2 ) ORDER BY favonum desc LIMIT 8   [ RunTime:0.000000s ]
NOTIC: [8192] preg_replace(): The /e modifier is deprecated, use preg_replace_callback instead C:\xampp\htdocs\training\ThinkPHP\Lib\Core\Db.class.php 第 604 行.
SQL: SELECT * FROM `edu_video` WHERE ( status=2 ) ORDER BY clicknum desc LIMIT 10   [ RunTime:0.000000s ]
SQL: SHOW COLUMNS FROM `edu_cat` [ RunTime:0.003011s ]
NOTIC: [8192] preg_replace(): The /e modifier is deprecated, use preg_replace_callback instead C:\xampp\htdocs\training\ThinkPHP\Lib\Core\Db.class.php 第 604 行.
SQL: SELECT `id`,`name` FROM `edu_cat` WHERE ( pid=0 ) LIMIT 6   [ RunTime:0.000000s ]
NOTIC: [8192] preg_replace(): The /e modifier is deprecated, use preg_replace_callback instead C:\xampp\htdocs\training\ThinkPHP\Lib\Core\Db.class.php 第 604 行.
SQL: SELECT * FROM `edu_video` WHERE ( status=2 ) ORDER BY addtime desc LIMIT 5   [ RunTime:0.001004s ]
SQL: select nid,count(*) num from edu_zan where nid<>0 group by nid order by num desc limit 3 [ RunTime:0.004014s ]
SQL: select uid,count(*) num from edu_note group by uid order by num desc limit 8 [ RunTime:0.003011s ]
SQL: SHOW COLUMNS FROM `edu_cat` [ RunTime:0.001003s ]
NOTIC: [8192] preg_replace(): The /e modifier is deprecated, use preg_replace_callback instead C:\xampp\htdocs\training\ThinkPHP\Lib\Core\Db.class.php 第 604 行.
SQL: SELECT `id`,`name` FROM `edu_cat` WHERE ( pid!=0 )  [ RunTime:0.000000s ]
NOTIC: [8] Undefined offset: 5 C:\xampp\htdocs\training\Home\Lib\Action\IndexAction.class.php 第 92 行.
SQL: SHOW COLUMNS FROM `bbs_message` [ RunTime:0.010036s ]
NOTIC: [8192] preg_replace(): The /e modifier is deprecated, use preg_replace_callback instead C:\xampp\htdocs\training\ThinkPHP\Lib\Core\Db.class.php 第 604 行.
SQL: SELECT `id`,`title` FROM `bbs_message` WHERE ( (`keyword` LIKE '8') OR (`keyword` LIKE '%,8') OR (`keyword` LIKE '8,%') OR (`keyword` LIKE '%,8,%') ) AND ( `status` = '1' ) ORDER BY addtime desc LIMIT 3   [ RunTime:0.001004s ]
NOTIC: [8192] preg_replace(): The /e modifier is deprecated, use preg_replace_callback instead C:\xampp\htdocs\training\ThinkPHP\Lib\Core\Db.class.php 第 604 行.
SQL: SELECT COUNT(*) AS tp_count FROM `bbs_message` WHERE ( (`keyword` LIKE '8') OR (`keyword` LIKE '%,8') OR (`keyword` LIKE '8,%') OR (`keyword` LIKE '%,8,%') ) AND ( `status` = '1' ) LIMIT 1   [ RunTime:0.000000s ]
NOTIC: [8192] preg_replace(): The /e modifier is deprecated, use preg_replace_callback instead C:\xampp\htdocs\training\ThinkPHP\Lib\Core\Db.class.php 第 604 行.
SQL: SELECT `id`,`title` FROM `bbs_message` WHERE ( (`keyword` LIKE '7') OR (`keyword` LIKE '%,7') OR (`keyword` LIKE '7,%') OR (`keyword` LIKE '%,7,%') ) AND ( `status` = '1' ) ORDER BY addtime desc LIMIT 3   [ RunTime:0.001003s ]
NOTIC: [8192] preg_replace(): The /e modifier is deprecated, use preg_replace_callback instead C:\xampp\htdocs\training\ThinkPHP\Lib\Core\Db.class.php 第 604 行.
SQL: SELECT COUNT(*) AS tp_count FROM `bbs_message` WHERE ( (`keyword` LIKE '7') OR (`keyword` LIKE '%,7') OR (`keyword` LIKE '7,%') OR (`keyword` LIKE '%,7,%') ) AND ( `status` = '1' ) LIMIT 1   [ RunTime:0.000000s ]
NOTIC: [8192] preg_replace(): The /e modifier is deprecated, use preg_replace_callback instead C:\xampp\htdocs\training\ThinkPHP\Lib\Core\Db.class.php 第 604 行.
SQL: SELECT `id`,`title` FROM `bbs_message` WHERE ( (`keyword` LIKE '5') OR (`keyword` LIKE '%,5') OR (`keyword` LIKE '5,%') OR (`keyword` LIKE '%,5,%') ) AND ( `status` = '1' ) ORDER BY addtime desc LIMIT 3   [ RunTime:0.001004s ]
NOTIC: [8192] preg_replace(): The /e modifier is deprecated, use preg_replace_callback instead C:\xampp\htdocs\training\ThinkPHP\Lib\Core\Db.class.php 第 604 行.
SQL: SELECT COUNT(*) AS tp_count FROM `bbs_message` WHERE ( (`keyword` LIKE '5') OR (`keyword` LIKE '%,5') OR (`keyword` LIKE '5,%') OR (`keyword` LIKE '%,5,%') ) AND ( `status` = '1' ) LIMIT 1   [ RunTime:0.000000s ]
NOTIC: [8192] preg_replace(): The /e modifier is deprecated, use preg_replace_callback instead C:\xampp\htdocs\training\ThinkPHP\Lib\Core\Db.class.php 第 604 行.
SQL: SELECT `id`,`title` FROM `bbs_message` WHERE ( (`keyword` LIKE '6') OR (`keyword` LIKE '%,6') OR (`keyword` LIKE '6,%') OR (`keyword` LIKE '%,6,%') ) AND ( `status` = '1' ) ORDER BY addtime desc LIMIT 3   [ RunTime:0.001003s ]
NOTIC: [8192] preg_replace(): The /e modifier is deprecated, use preg_replace_callback instead C:\xampp\htdocs\training\ThinkPHP\Lib\Core\Db.class.php 第 604 行.
SQL: SELECT COUNT(*) AS tp_count FROM `bbs_message` WHERE ( (`keyword` LIKE '6') OR (`keyword` LIKE '%,6') OR (`keyword` LIKE '6,%') OR (`keyword` LIKE '%,6,%') ) AND ( `status` = '1' ) LIMIT 1   [ RunTime:0.000000s ]
NOTIC: [8192] preg_replace(): The /e modifier is deprecated, use preg_replace_callback instead C:\xampp\htdocs\training\ThinkPHP\Lib\Core\Db.class.php 第 604 行.
SQL: SELECT `id`,`title` FROM `bbs_message` WHERE ( (`keyword` LIKE '3') OR (`keyword` LIKE '%,3') OR (`keyword` LIKE '3,%') OR (`keyword` LIKE '%,3,%') ) AND ( `status` = '1' ) ORDER BY addtime desc LIMIT 3   [ RunTime:0.000000s ]
NOTIC: [8192] preg_replace(): The /e modifier is deprecated, use preg_replace_callback instead C:\xampp\htdocs\training\ThinkPHP\Lib\Core\Db.class.php 第 604 行.
SQL: SELECT COUNT(*) AS tp_count FROM `bbs_message` WHERE ( (`keyword` LIKE '3') OR (`keyword` LIKE '%,3') OR (`keyword` LIKE '3,%') OR (`keyword` LIKE '%,3,%') ) AND ( `status` = '1' ) LIMIT 1   [ RunTime:0.000000s ]
NOTIC: [8192] preg_replace(): The /e modifier is deprecated, use preg_replace_callback instead C:\xampp\htdocs\training\ThinkPHP\Lib\Core\Db.class.php 第 604 行.
SQL: SELECT `id`,`title` FROM `bbs_message` WHERE ( (`keyword` LIKE '') OR (`keyword` LIKE '%,') OR (`keyword` LIKE ',%') OR (`keyword` LIKE '%,,%') ) AND ( `status` = '1' ) ORDER BY addtime desc LIMIT 3   [ RunTime:0.000000s ]
NOTIC: [8192] preg_replace(): The /e modifier is deprecated, use preg_replace_callback instead C:\xampp\htdocs\training\ThinkPHP\Lib\Core\Db.class.php 第 604 行.
SQL: SELECT COUNT(*) AS tp_count FROM `bbs_message` WHERE ( (`keyword` LIKE '') OR (`keyword` LIKE '%,') OR (`keyword` LIKE ',%') OR (`keyword` LIKE '%,,%') ) AND ( `status` = '1' ) LIMIT 1   [ RunTime:0.000000s ]
SQL: SHOW COLUMNS FROM `bbs_question` [ RunTime:0.004014s ]
NOTIC: [8192] preg_replace(): The /e modifier is deprecated, use preg_replace_callback instead C:\xampp\htdocs\training\ThinkPHP\Lib\Core\Db.class.php 第 604 行.
SQL: SELECT `id`,`uid`,`content` FROM `bbs_question` WHERE ( `status` = '1' ) AND ( `isbest` = '1' ) AND ( `replay` <> '' ) ORDER BY addtime desc LIMIT 6   [ RunTime:0.000000s ]
SQL: SHOW COLUMNS FROM `edu_flink` [ RunTime:0.003011s ]
NOTIC: [8192] preg_replace(): The /e modifier is deprecated, use preg_replace_callback instead C:\xampp\htdocs\training\ThinkPHP\Lib\Core\Db.class.php 第 604 行.
SQL: SELECT * FROM `edu_flink` WHERE ( status=2 )  [ RunTime:0.000000s ]
NOTIC: [8] Undefined index: user C:\xampp\htdocs\training\Home\Lib\Action\IndexAction.class.php 第 132 行.
INFO: [ view_parse ] --START--
NOTIC: [8] Undefined index: user C:\xampp\htdocs\training\Home\Runtime\Cache\a0df498f3fa8ed5d3704c11b76d93149f0b249f5.file.index.html.php 第 124 行.
NOTIC: [8] Undefined index: user C:\xampp\htdocs\training\Home\Runtime\Cache\a0df498f3fa8ed5d3704c11b76d93149f0b249f5.file.index.html.php 第 183 行.
INFO: ParseTemplate Behavior ::run [ RunTime:0.038137s ]
INFO: [ view_parse ] --END-- [ RunTime:0.039140s ]
INFO: [ view_filter ] --START--
INFO: ContentReplace Behavior ::run [ RunTime:0.002008s ]
INFO: TokenBuild Behavior ::run [ RunTime:0.002007s ]
INFO: WriteHtmlCache Behavior ::run [ RunTime:0.001003s ]
INFO: ShowRuntime Behavior ::run [ RunTime:0.002008s ]
INFO: [ view_filter ] --END-- [ RunTime:0.007026s ]
INFO: [ view_end ] --START--
INFO: ShowPageTrace Behavior ::run [ RunTime:0.004015s ]
INFO: [ view_end ] --END-- [ RunTime:0.005018s ]

[ 2017-04-28T12:59:11+08:00 ] 0.0.0.0 /training/index.php/Video/index
INFO: [ route_check ] --START--
INFO: CheckRoute Behavior ::run [ RunTime:0.002002s ]
INFO: [ route_check ] --END-- [ RunTime:0.003003s ]
NOTIC: [8192] preg_replace(): The /e modifier is deprecated, use preg_replace_callback instead C:\xampp\htdocs\training\ThinkPHP\Lib\Core\Dispatcher.class.php 第 132 行.
INFO: [ app_begin ] --START--
INFO: ReadHtmlCache Behavior ::run [ RunTime:0.000000s ]
INFO: [ app_begin ] --END-- [ RunTime:0.000000s ]
NOTIC: [8192] mysql_connect(): The mysql extension is deprecated and will be removed in the future: use mysqli or PDO instead C:\xampp\htdocs\training\ThinkPHP\Lib\Driver\Db\DbMysql.class.php 第 55 行.
SQL: SHOW COLUMNS FROM `edu_video` [ RunTime:0.002002s ]
NOTIC: [8] Undefined index: uid C:\xampp\htdocs\training\Home\Lib\Action\VideoAction.class.php 第 41 行.
NOTIC: [8192] preg_replace(): The /e modifier is deprecated, use preg_replace_callback instead C:\xampp\htdocs\training\ThinkPHP\Lib\Core\Db.class.php 第 604 行.
SQL: SELECT COUNT(*) AS tp_count FROM `edu_video` WHERE ( `status` = '2' ) LIMIT 1   [ RunTime:0.001002s ]
NOTIC: [8192] preg_replace(): The /e modifier is deprecated, use preg_replace_callback instead C:\xampp\htdocs\training\ThinkPHP\Lib\Core\Db.class.php 第 604 行.
SQL: SELECT * FROM `edu_video` WHERE ( `status` = '2' ) ORDER BY clicknum desc LIMIT 0,6   [ RunTime:0.001001s ]
NOTIC: [8192] preg_replace(): The /e modifier is deprecated, use preg_replace_callback instead C:\xampp\htdocs\training\ThinkPHP\Lib\Core\Db.class.php 第 604 行.
SQL: SELECT * FROM `edu_video` WHERE ( status=2 ) ORDER BY addtime desc LIMIT 16   [ RunTime:0.001001s ]
SQL: SHOW COLUMNS FROM `edu_cat` [ RunTime:0.002003s ]
NOTIC: [8192] preg_replace(): The /e modifier is deprecated, use preg_replace_callback instead C:\xampp\htdocs\training\ThinkPHP\Lib\Core\Db.class.php 第 604 行.
SQL: SELECT * FROM `edu_cat` WHERE ( pid=0 ) LIMIT 6   [ RunTime:0.000000s ]
NOTIC: [2048] Declaration of CatAction::show() should be compatible with Action::show($content, $charset = '', $contentType = '', $prefix = '') C:\xampp\htdocs\training\Home\Lib\Action\CatAction.class.php 第 0 行.
NOTIC: [8] Undefined index: id C:\xampp\htdocs\training\Home\Lib\Action\CatAction.class.php 第 35 行.
NOTIC: [8192] preg_replace(): The /e modifier is deprecated, use preg_replace_callback instead C:\xampp\htdocs\training\ThinkPHP\Lib\Core\Db.class.php 第 604 行.
SQL: SELECT `id`,`name`,`path` FROM `edu_cat` ORDER BY concat(path,id)  [ RunTime:0.002002s ]
NOTIC: [8] Undefined index: user C:\xampp\htdocs\training\Home\Lib\Action\VideoAction.class.php 第 91 行.
NOTIC: [8] Undefined index: r C:\xampp\htdocs\training\Home\Lib\Action\VideoAction.class.php 第 96 行.
NOTIC: [8] Undefined index: q C:\xampp\htdocs\training\Home\Lib\Action\VideoAction.class.php 第 97 行.
NOTIC: [8] Undefined index: pid C:\xampp\htdocs\training\Home\Lib\Action\VideoAction.class.php 第 101 行.
NOTIC: [8] Undefined index: q C:\xampp\htdocs\training\Home\Lib\Action\VideoAction.class.php 第 101 行.
INFO: [ view_parse ] --START--
NOTIC: [8] Undefined index: user C:\xampp\htdocs\training\Home\Runtime\Cache\6adc493d7d3d92b608b9221da51c9a62733aab0c.file.head.html.php 第 44 行.
NOTIC: [8] Undefined index: user C:\xampp\htdocs\training\Home\Runtime\Cache\6adc493d7d3d92b608b9221da51c9a62733aab0c.file.head.html.php 第 60 行.
NOTIC: [8] Undefined index: user C:\xampp\htdocs\training\Home\Runtime\Cache\96b766e3a87dae98668b126087e13293c9a0b610.file.index.html.php 第 283 行.
NOTIC: [8] Undefined index: user C:\xampp\htdocs\training\Home\Runtime\Cache\96b766e3a87dae98668b126087e13293c9a0b610.file.index.html.php 第 294 行.
NOTIC: [8] Undefined index: user C:\xampp\htdocs\training\Home\Runtime\Cache\96b766e3a87dae98668b126087e13293c9a0b610.file.index.html.php 第 303 行.
NOTIC: [8] Undefined index: title C:\xampp\htdocs\training\Home\Runtime\Cache\96b766e3a87dae98668b126087e13293c9a0b610.file.index.html.php 第 326 行.
NOTIC: [8] Trying to get property of non-object C:\xampp\htdocs\training\Home\Runtime\Cache\96b766e3a87dae98668b126087e13293c9a0b610.file.index.html.php 第 326 行.
INFO: ParseTemplate Behavior ::run [ RunTime:0.016021s ]
INFO: [ view_parse ] --END-- [ RunTime:0.018023s ]
INFO: [ view_filter ] --START--
INFO: ContentReplace Behavior ::run [ RunTime:0.001001s ]
INFO: TokenBuild Behavior ::run [ RunTime:0.000000s ]
INFO: WriteHtmlCache Behavior ::run [ RunTime:0.001002s ]
INFO: ShowRuntime Behavior ::run [ RunTime:0.000000s ]
INFO: [ view_filter ] --END-- [ RunTime:0.002003s ]
INFO: [ view_end ] --START--
INFO: ShowPageTrace Behavior ::run [ RunTime:0.000000s ]
INFO: [ view_end ] --END-- [ RunTime:0.000000s ]

[ 2017-04-28T12:59:13+08:00 ] 0.0.0.0 /training/index.php/Note/index
INFO: [ route_check ] --START--
INFO: CheckRoute Behavior ::run [ RunTime:0.000000s ]
INFO: [ route_check ] --END-- [ RunTime:0.001002s ]
NOTIC: [8192] preg_replace(): The /e modifier is deprecated, use preg_replace_callback instead C:\xampp\htdocs\training\ThinkPHP\Lib\Core\Dispatcher.class.php 第 132 行.
INFO: [ app_begin ] --START--
INFO: ReadHtmlCache Behavior ::run [ RunTime:0.001001s ]
INFO: [ app_begin ] --END-- [ RunTime:0.001001s ]
NOTIC: [8192] mysql_connect(): The mysql extension is deprecated and will be removed in the future: use mysqli or PDO instead C:\xampp\htdocs\training\ThinkPHP\Lib\Driver\Db\DbMysql.class.php 第 55 行.
SQL: SHOW COLUMNS FROM `edu_note` [ RunTime:0.004005s ]
NOTIC: [8] Undefined variable: where C:\xampp\htdocs\training\Home\Lib\Action\NoteAction.class.php 第 48 行.
NOTIC: [8192] preg_replace(): The /e modifier is deprecated, use preg_replace_callback instead C:\xampp\htdocs\training\ThinkPHP\Lib\Core\Db.class.php 第 604 行.
SQL: SELECT COUNT(*) AS tp_count FROM `edu_note` LIMIT 1   [ RunTime:0.001002s ]
NOTIC: [8] Undefined variable: where C:\xampp\htdocs\training\Home\Lib\Action\NoteAction.class.php 第 52 行.
NOTIC: [8192] preg_replace(): The /e modifier is deprecated, use preg_replace_callback instead C:\xampp\htdocs\training\ThinkPHP\Lib\Core\Db.class.php 第 604 行.
SQL: SELECT * FROM `edu_note` ORDER BY addtime desc LIMIT 0,5   [ RunTime:0.001001s ]
NOTIC: [2] Invalid argument supplied for foreach() C:\xampp\htdocs\training\Home\Lib\Action\NoteAction.class.php 第 54 行.
NOTIC: [8] Undefined index: user C:\xampp\htdocs\training\Home\Lib\Action\NoteAction.class.php 第 71 行.
NOTIC: [8192] preg_replace(): The /e modifier is deprecated, use preg_replace_callback instead C:\xampp\htdocs\training\ThinkPHP\Lib\Core\Db.class.php 第 604 行.
SQL: SELECT * FROM `edu_note` ORDER BY addtime desc LIMIT 16   [ RunTime:0.001001s ]
INFO: [ view_parse ] --START--
NOTIC: [8] Undefined index: user C:\xampp\htdocs\training\Home\Runtime\Cache\6adc493d7d3d92b608b9221da51c9a62733aab0c.file.head.html.php 第 44 行.
NOTIC: [8] Undefined index: user C:\xampp\htdocs\training\Home\Runtime\Cache\6adc493d7d3d92b608b9221da51c9a62733aab0c.file.head.html.php 第 60 行.
NOTIC: [8] Undefined index: user C:\xampp\htdocs\training\Home\Runtime\Cache\f877718030ef7fc1581c208d48fd8c0f9d22c284.file.index.html.php 第 92 行.
NOTIC: [8] Undefined index: user C:\xampp\htdocs\training\Home\Runtime\Cache\f877718030ef7fc1581c208d48fd8c0f9d22c284.file.index.html.php 第 96 行.
NOTIC: [8] Undefined index: title C:\xampp\htdocs\training\Home\Runtime\Cache\f877718030ef7fc1581c208d48fd8c0f9d22c284.file.index.html.php 第 120 行.
NOTIC: [8] Trying to get property of non-object C:\xampp\htdocs\training\Home\Runtime\Cache\f877718030ef7fc1581c208d48fd8c0f9d22c284.file.index.html.php 第 120 行.
INFO: ParseTemplate Behavior ::run [ RunTime:0.007010s ]
INFO: [ view_parse ] --END-- [ RunTime:0.007010s ]
INFO: [ view_filter ] --START--
INFO: ContentReplace Behavior ::run [ RunTime:0.000000s ]
INFO: TokenBuild Behavior ::run [ RunTime:0.001001s ]
INFO: WriteHtmlCache Behavior ::run [ RunTime:0.000000s ]
INFO: ShowRuntime Behavior ::run [ RunTime:0.001001s ]
INFO: [ view_filter ] --END-- [ RunTime:0.002002s ]
INFO: [ view_end ] --START--
INFO: ShowPageTrace Behavior ::run [ RunTime:0.000000s ]
INFO: [ view_end ] --END-- [ RunTime:0.001001s ]

[ 2017-04-28T12:59:16+08:00 ] 0.0.0.0 /training/index.php/Message/index
INFO: [ route_check ] --START--
INFO: CheckRoute Behavior ::run [ RunTime:0.000000s ]
INFO: [ route_check ] --END-- [ RunTime:0.000000s ]
NOTIC: [8192] preg_replace(): The /e modifier is deprecated, use preg_replace_callback instead C:\xampp\htdocs\training\ThinkPHP\Lib\Core\Dispatcher.class.php 第 132 行.
INFO: [ app_begin ] --START--
INFO: ReadHtmlCache Behavior ::run [ RunTime:0.001001s ]
INFO: [ app_begin ] --END-- [ RunTime:0.001001s ]
NOTIC: [2048] Declaration of MessageAction::show() should be compatible with Action::show($content, $charset = '', $contentType = '', $prefix = '') C:\xampp\htdocs\training\Home\Lib\Action\MessageAction.class.php 第 0 行.
NOTIC: [8192] mysql_connect(): The mysql extension is deprecated and will be removed in the future: use mysqli or PDO instead C:\xampp\htdocs\training\ThinkPHP\Lib\Driver\Db\DbMysql.class.php 第 55 行.
SQL: SHOW COLUMNS FROM `bbs_message` [ RunTime:0.001001s ]
NOTIC: [8192] preg_replace(): The /e modifier is deprecated, use preg_replace_callback instead C:\xampp\htdocs\training\ThinkPHP\Lib\Core\Db.class.php 第 604 行.
SQL: SELECT COUNT(*) AS tp_count FROM `bbs_message` WHERE ( `status` = '1' ) LIMIT 1   [ RunTime:0.001001s ]
NOTIC: [8192] preg_replace(): The /e modifier is deprecated, use preg_replace_callback instead C:\xampp\htdocs\training\ThinkPHP\Lib\Core\Db.class.php 第 604 行.
SQL: SELECT * FROM `bbs_message` WHERE ( isbest=1 ) ORDER BY addtime desc LIMIT 5   [ RunTime:0.000000s ]
SQL: SHOW COLUMNS FROM `edu_users` [ RunTime:0.033043s ]
NOTIC: [8192] preg_replace(): The /e modifier is deprecated, use preg_replace_callback instead C:\xampp\htdocs\training\ThinkPHP\Lib\Core\Db.class.php 第 604 行.
SQL: SELECT `username`,`name` FROM `edu_users` WHERE ( id=1 ) LIMIT 1   [ RunTime:0.001002s ]
SQL: SHOW COLUMNS FROM `bbs_comm` [ RunTime:0.004005s ]
NOTIC: [8192] preg_replace(): The /e modifier is deprecated, use preg_replace_callback instead C:\xampp\htdocs\training\ThinkPHP\Lib\Core\Db.class.php 第 604 行.
SQL: SELECT COUNT(*) AS tp_count FROM `bbs_comm` WHERE ( mid=39 ) LIMIT 1   [ RunTime:0.001002s ]
NOTIC: [8192] preg_replace(): The /e modifier is deprecated, use preg_replace_callback instead C:\xampp\htdocs\training\ThinkPHP\Lib\Core\Db.class.php 第 604 行.
SQL: SELECT * FROM `bbs_message` WHERE ( `status` = '1' ) ORDER BY addtime desc LIMIT 0,10   [ RunTime:0.001001s ]
NOTIC: [8192] preg_replace(): The /e modifier is deprecated, use preg_replace_callback instead C:\xampp\htdocs\training\ThinkPHP\Lib\Core\Db.class.php 第 604 行.
SQL: SELECT `username`,`name` FROM `edu_users` WHERE ( id=2 ) LIMIT 1   [ RunTime:0.000000s ]
NOTIC: [8192] preg_replace(): The /e modifier is deprecated, use preg_replace_callback instead C:\xampp\htdocs\training\ThinkPHP\Lib\Core\Db.class.php 第 604 行.
SQL: SELECT COUNT(mid) AS tp_count FROM `bbs_comm` WHERE ( mid=42 and pid='0' ) LIMIT 1   [ RunTime:0.001001s ]
NOTIC: [8192] preg_replace(): The /e modifier is deprecated, use preg_replace_callback instead C:\xampp\htdocs\training\ThinkPHP\Lib\Core\Db.class.php 第 604 行.
SQL: SELECT `username`,`name` FROM `edu_users` WHERE ( id=2 ) LIMIT 1   [ RunTime:0.000000s ]
NOTIC: [8192] preg_replace(): The /e modifier is deprecated, use preg_replace_callback instead C:\xampp\htdocs\training\ThinkPHP\Lib\Core\Db.class.php 第 604 行.
SQL: SELECT COUNT(mid) AS tp_count FROM `bbs_comm` WHERE ( mid=41 and pid='0' ) LIMIT 1   [ RunTime:0.000000s ]
NOTIC: [8192] preg_replace(): The /e modifier is deprecated, use preg_replace_callback instead C:\xampp\htdocs\training\ThinkPHP\Lib\Core\Db.class.php 第 604 行.
SQL: SELECT `username`,`name` FROM `edu_users` WHERE ( id=2 ) LIMIT 1   [ RunTime:0.000000s ]
NOTIC: [8192] preg_replace(): The /e modifier is deprecated, use preg_replace_callback instead C:\xampp\htdocs\training\ThinkPHP\Lib\Core\Db.class.php 第 604 行.
SQL: SELECT COUNT(mid) AS tp_count FROM `bbs_comm` WHERE ( mid=40 and pid='0' ) LIMIT 1   [ RunTime:0.000000s ]
NOTIC: [8192] preg_replace(): The /e modifier is deprecated, use preg_replace_callback instead C:\xampp\htdocs\training\ThinkPHP\Lib\Core\Db.class.php 第 604 行.
SQL: SELECT `username`,`name` FROM `edu_users` WHERE ( id=1 ) LIMIT 1   [ RunTime:0.000000s ]
NOTIC: [8192] preg_replace(): The /e modifier is deprecated, use preg_replace_callback instead C:\xampp\htdocs\training\ThinkPHP\Lib\Core\Db.class.php 第 604 行.
SQL: SELECT COUNT(mid) AS tp_count FROM `bbs_comm` WHERE ( mid=39 and pid='0' ) LIMIT 1   [ RunTime:0.000000s ]
NOTIC: [8] Undefined index: user C:\xampp\htdocs\training\Home\Lib\Action\MessageAction.class.php 第 55 行.
SQL: SHOW COLUMNS FROM `bbs_question` [ RunTime:0.001001s ]
SQL: select uid,count('uid') num from bbs_comm where addtime>'1493096356' group by uid order by num desc [ RunTime:0.000000s ]
SQL: select uid,count('uid') num from bbs_message where addtime>'1493096356' group by uid order by num desc [ RunTime:0.001001s ]
SQL: select uid,count('uid') num from bbs_question where addtime>'1493096356' group by uid order by num desc [ RunTime:0.001002s ]
NOTIC: [8] Undefined variable: m C:\xampp\htdocs\training\Home\Lib\Action\MessageAction.class.php 第 1091 行.
NOTIC: [8192] preg_replace(): The /e modifier is deprecated, use preg_replace_callback instead C:\xampp\htdocs\training\ThinkPHP\Lib\Core\Db.class.php 第 604 行.
SQL: SELECT * FROM `edu_users` WHERE ( `id` = 2 ) LIMIT 1   [ RunTime:0.001001s ]
SQL: SHOW COLUMNS FROM `edu_cat` [ RunTime:0.002003s ]
NOTIC: [8192] preg_replace(): The /e modifier is deprecated, use preg_replace_callback instead C:\xampp\htdocs\training\ThinkPHP\Lib\Core\Db.class.php 第 604 行.
SQL: SELECT `id`,`name` FROM `edu_cat` WHERE ( pid!=0 )  [ RunTime:0.000000s ]
NOTIC: [8] Undefined offset: 5 C:\xampp\htdocs\training\Home\Lib\Action\MessageAction.class.php 第 1132 行.
INFO: [ view_parse ] --START--
NOTIC: [8] Undefined index: user C:\xampp\htdocs\training\Home\Runtime\Cache\6adc493d7d3d92b608b9221da51c9a62733aab0c.file.head.html.php 第 44 行.
NOTIC: [8] Undefined index: user C:\xampp\htdocs\training\Home\Runtime\Cache\6adc493d7d3d92b608b9221da51c9a62733aab0c.file.head.html.php 第 60 行.
INFO: ParseTemplate Behavior ::run [ RunTime:0.005007s ]
INFO: [ view_parse ] --END-- [ RunTime:0.005007s ]
INFO: [ view_filter ] --START--
INFO: ContentReplace Behavior ::run [ RunTime:0.001001s ]
INFO: TokenBuild Behavior ::run [ RunTime:0.000000s ]
INFO: WriteHtmlCache Behavior ::run [ RunTime:0.000000s ]
INFO: ShowRuntime Behavior ::run [ RunTime:0.001001s ]
INFO: [ view_filter ] --END-- [ RunTime:0.002002s ]
INFO: [ view_end ] --START--
INFO: ShowPageTrace Behavior ::run [ RunTime:0.002003s ]
INFO: [ view_end ] --END-- [ RunTime:0.002003s ]

[ 2017-04-28T12:59:26+08:00 ] 0.0.0.0 /training/index.php/Message/hot
INFO: [ route_check ] --START--
INFO: CheckRoute Behavior ::run [ RunTime:0.000000s ]
INFO: [ route_check ] --END-- [ RunTime:0.000000s ]
NOTIC: [8192] preg_replace(): The /e modifier is deprecated, use preg_replace_callback instead C:\xampp\htdocs\training\ThinkPHP\Lib\Core\Dispatcher.class.php 第 132 行.
INFO: [ app_begin ] --START--
INFO: ReadHtmlCache Behavior ::run [ RunTime:0.000000s ]
INFO: [ app_begin ] --END-- [ RunTime:0.000000s ]
NOTIC: [2048] Declaration of MessageAction::show() should be compatible with Action::show($content, $charset = '', $contentType = '', $prefix = '') C:\xampp\htdocs\training\Home\Lib\Action\MessageAction.class.php 第 0 行.
NOTIC: [8192] mysql_connect(): The mysql extension is deprecated and will be removed in the future: use mysqli or PDO instead C:\xampp\htdocs\training\ThinkPHP\Lib\Driver\Db\DbMysql.class.php 第 55 行.
SQL: SHOW COLUMNS FROM `bbs_message` [ RunTime:0.001002s ]
NOTIC: [8192] preg_replace(): The /e modifier is deprecated, use preg_replace_callback instead C:\xampp\htdocs\training\ThinkPHP\Lib\Core\Db.class.php 第 604 行.
SQL: SELECT * FROM `bbs_message` WHERE ( status=1 ) ORDER BY scan desc LIMIT 15   [ RunTime:0.001001s ]
SQL: SHOW COLUMNS FROM `edu_users` [ RunTime:0.001001s ]
NOTIC: [8192] preg_replace(): The /e modifier is deprecated, use preg_replace_callback instead C:\xampp\htdocs\training\ThinkPHP\Lib\Core\Db.class.php 第 604 行.
SQL: SELECT `username`,`name` FROM `edu_users` WHERE ( id=2 ) LIMIT 1   [ RunTime:0.001002s ]
SQL: SHOW COLUMNS FROM `bbs_comm` [ RunTime:0.001001s ]
NOTIC: [8192] preg_replace(): The /e modifier is deprecated, use preg_replace_callback instead C:\xampp\htdocs\training\ThinkPHP\Lib\Core\Db.class.php 第 604 行.
SQL: SELECT COUNT(mid) AS tp_count FROM `bbs_comm` WHERE ( mid=41 and pid='0' ) LIMIT 1   [ RunTime:0.000000s ]
NOTIC: [8192] preg_replace(): The /e modifier is deprecated, use preg_replace_callback instead C:\xampp\htdocs\training\ThinkPHP\Lib\Core\Db.class.php 第 604 行.
SQL: SELECT `username`,`name` FROM `edu_users` WHERE ( id=1 ) LIMIT 1   [ RunTime:0.000000s ]
NOTIC: [8192] preg_replace(): The /e modifier is deprecated, use preg_replace_callback instead C:\xampp\htdocs\training\ThinkPHP\Lib\Core\Db.class.php 第 604 行.
SQL: SELECT COUNT(mid) AS tp_count FROM `bbs_comm` WHERE ( mid=39 and pid='0' ) LIMIT 1   [ RunTime:0.000000s ]
NOTIC: [8192] preg_replace(): The /e modifier is deprecated, use preg_replace_callback instead C:\xampp\htdocs\training\ThinkPHP\Lib\Core\Db.class.php 第 604 行.
SQL: SELECT `username`,`name` FROM `edu_users` WHERE ( id=2 ) LIMIT 1   [ RunTime:0.000000s ]
NOTIC: [8192] preg_replace(): The /e modifier is deprecated, use preg_replace_callback instead C:\xampp\htdocs\training\ThinkPHP\Lib\Core\Db.class.php 第 604 行.
SQL: SELECT COUNT(mid) AS tp_count FROM `bbs_comm` WHERE ( mid=40 and pid='0' ) LIMIT 1   [ RunTime:0.000000s ]
NOTIC: [8192] preg_replace(): The /e modifier is deprecated, use preg_replace_callback instead C:\xampp\htdocs\training\ThinkPHP\Lib\Core\Db.class.php 第 604 行.
SQL: SELECT `username`,`name` FROM `edu_users` WHERE ( id=2 ) LIMIT 1   [ RunTime:0.001001s ]
NOTIC: [8192] preg_replace(): The /e modifier is deprecated, use preg_replace_callback instead C:\xampp\htdocs\training\ThinkPHP\Lib\Core\Db.class.php 第 604 行.
SQL: SELECT COUNT(mid) AS tp_count FROM `bbs_comm` WHERE ( mid=42 and pid='0' ) LIMIT 1   [ RunTime:0.000000s ]
SQL: SHOW COLUMNS FROM `bbs_question` [ RunTime:0.001002s ]
SQL: select uid,count('uid') num from bbs_comm where addtime>'1493096366' group by uid order by num desc [ RunTime:0.000000s ]
SQL: select uid,count('uid') num from bbs_message where addtime>'1493096366' group by uid order by num desc [ RunTime:0.001001s ]
SQL: select uid,count('uid') num from bbs_question where addtime>'1493096366' group by uid order by num desc [ RunTime:0.000000s ]
NOTIC: [8] Undefined variable: m C:\xampp\htdocs\training\Home\Lib\Action\MessageAction.class.php 第 1091 行.
NOTIC: [8192] preg_replace(): The /e modifier is deprecated, use preg_replace_callback instead C:\xampp\htdocs\training\ThinkPHP\Lib\Core\Db.class.php 第 604 行.
SQL: SELECT * FROM `edu_users` WHERE ( `id` = 2 ) LIMIT 1   [ RunTime:0.000000s ]
SQL: SHOW COLUMNS FROM `edu_cat` [ RunTime:0.001001s ]
NOTIC: [8192] preg_replace(): The /e modifier is deprecated, use preg_replace_callback instead C:\xampp\htdocs\training\ThinkPHP\Lib\Core\Db.class.php 第 604 行.
SQL: SELECT `id`,`name` FROM `edu_cat` WHERE ( pid!=0 )  [ RunTime:0.001001s ]
NOTIC: [8] Undefined offset: 5 C:\xampp\htdocs\training\Home\Lib\Action\MessageAction.class.php 第 1132 行.
INFO: [ view_parse ] --START--
NOTIC: [8] Undefined index: user C:\xampp\htdocs\training\Home\Runtime\Cache\6adc493d7d3d92b608b9221da51c9a62733aab0c.file.head.html.php 第 44 行.
NOTIC: [8] Undefined index: user C:\xampp\htdocs\training\Home\Runtime\Cache\6adc493d7d3d92b608b9221da51c9a62733aab0c.file.head.html.php 第 60 行.
INFO: ParseTemplate Behavior ::run [ RunTime:0.006008s ]
INFO: [ view_parse ] --END-- [ RunTime:0.006008s ]
INFO: [ view_filter ] --START--
INFO: ContentReplace Behavior ::run [ RunTime:0.000000s ]
INFO: TokenBuild Behavior ::run [ RunTime:0.001002s ]
INFO: WriteHtmlCache Behavior ::run [ RunTime:0.000000s ]
INFO: ShowRuntime Behavior ::run [ RunTime:0.000000s ]
INFO: [ view_filter ] --END-- [ RunTime:0.001002s ]
INFO: [ view_end ] --START--
INFO: ShowPageTrace Behavior ::run [ RunTime:0.000000s ]
INFO: [ view_end ] --END-- [ RunTime:0.000000s ]

[ 2017-04-28T12:59:34+08:00 ] 0.0.0.0 /training/index.php/Note/index
INFO: [ route_check ] --START--
INFO: CheckRoute Behavior ::run [ RunTime:0.001002s ]
INFO: [ route_check ] --END-- [ RunTime:0.001002s ]
NOTIC: [8192] preg_replace(): The /e modifier is deprecated, use preg_replace_callback instead C:\xampp\htdocs\training\ThinkPHP\Lib\Core\Dispatcher.class.php 第 132 行.
INFO: [ app_begin ] --START--
INFO: ReadHtmlCache Behavior ::run [ RunTime:0.001001s ]
INFO: [ app_begin ] --END-- [ RunTime:0.001001s ]
NOTIC: [8192] mysql_connect(): The mysql extension is deprecated and will be removed in the future: use mysqli or PDO instead C:\xampp\htdocs\training\ThinkPHP\Lib\Driver\Db\DbMysql.class.php 第 55 行.
SQL: SHOW COLUMNS FROM `edu_note` [ RunTime:0.002002s ]
NOTIC: [8] Undefined variable: where C:\xampp\htdocs\training\Home\Lib\Action\NoteAction.class.php 第 48 行.
NOTIC: [8192] preg_replace(): The /e modifier is deprecated, use preg_replace_callback instead C:\xampp\htdocs\training\ThinkPHP\Lib\Core\Db.class.php 第 604 行.
SQL: SELECT COUNT(*) AS tp_count FROM `edu_note` LIMIT 1   [ RunTime:0.001002s ]
NOTIC: [8] Undefined variable: where C:\xampp\htdocs\training\Home\Lib\Action\NoteAction.class.php 第 52 行.
NOTIC: [8192] preg_replace(): The /e modifier is deprecated, use preg_replace_callback instead C:\xampp\htdocs\training\ThinkPHP\Lib\Core\Db.class.php 第 604 行.
SQL: SELECT * FROM `edu_note` ORDER BY addtime desc LIMIT 0,5   [ RunTime:0.000000s ]
NOTIC: [2] Invalid argument supplied for foreach() C:\xampp\htdocs\training\Home\Lib\Action\NoteAction.class.php 第 54 行.
NOTIC: [8] Undefined index: user C:\xampp\htdocs\training\Home\Lib\Action\NoteAction.class.php 第 71 行.
NOTIC: [8192] preg_replace(): The /e modifier is deprecated, use preg_replace_callback instead C:\xampp\htdocs\training\ThinkPHP\Lib\Core\Db.class.php 第 604 行.
SQL: SELECT * FROM `edu_note` ORDER BY addtime desc LIMIT 16   [ RunTime:0.001001s ]
INFO: [ view_parse ] --START--
NOTIC: [8] Undefined index: user C:\xampp\htdocs\training\Home\Runtime\Cache\6adc493d7d3d92b608b9221da51c9a62733aab0c.file.head.html.php 第 44 行.
NOTIC: [8] Undefined index: user C:\xampp\htdocs\training\Home\Runtime\Cache\6adc493d7d3d92b608b9221da51c9a62733aab0c.file.head.html.php 第 60 行.
NOTIC: [8] Undefined index: user C:\xampp\htdocs\training\Home\Runtime\Cache\f877718030ef7fc1581c208d48fd8c0f9d22c284.file.index.html.php 第 92 行.
NOTIC: [8] Undefined index: user C:\xampp\htdocs\training\Home\Runtime\Cache\f877718030ef7fc1581c208d48fd8c0f9d22c284.file.index.html.php 第 96 行.
NOTIC: [8] Undefined index: title C:\xampp\htdocs\training\Home\Runtime\Cache\f877718030ef7fc1581c208d48fd8c0f9d22c284.file.index.html.php 第 120 行.
NOTIC: [8] Trying to get property of non-object C:\xampp\htdocs\training\Home\Runtime\Cache\f877718030ef7fc1581c208d48fd8c0f9d22c284.file.index.html.php 第 120 行.
INFO: ParseTemplate Behavior ::run [ RunTime:0.003004s ]
INFO: [ view_parse ] --END-- [ RunTime:0.003004s ]
INFO: [ view_filter ] --START--
INFO: ContentReplace Behavior ::run [ RunTime:0.000000s ]
INFO: TokenBuild Behavior ::run [ RunTime:0.000000s ]
INFO: WriteHtmlCache Behavior ::run [ RunTime:0.001001s ]
INFO: ShowRuntime Behavior ::run [ RunTime:0.000000s ]
INFO: [ view_filter ] --END-- [ RunTime:0.001001s ]
INFO: [ view_end ] --START--
INFO: ShowPageTrace Behavior ::run [ RunTime:0.001002s ]
INFO: [ view_end ] --END-- [ RunTime:0.001002s ]

[ 2017-04-28T12:59:35+08:00 ] 0.0.0.0 /training/index.php/Video/index
INFO: [ route_check ] --START--
INFO: CheckRoute Behavior ::run [ RunTime:0.000000s ]
INFO: [ route_check ] --END-- [ RunTime:0.000000s ]
NOTIC: [8192] preg_replace(): The /e modifier is deprecated, use preg_replace_callback instead C:\xampp\htdocs\training\ThinkPHP\Lib\Core\Dispatcher.class.php 第 132 行.
INFO: [ app_begin ] --START--
INFO: ReadHtmlCache Behavior ::run [ RunTime:0.000000s ]
INFO: [ app_begin ] --END-- [ RunTime:0.000000s ]
NOTIC: [8192] mysql_connect(): The mysql extension is deprecated and will be removed in the future: use mysqli or PDO instead C:\xampp\htdocs\training\ThinkPHP\Lib\Driver\Db\DbMysql.class.php 第 55 行.
SQL: SHOW COLUMNS FROM `edu_video` [ RunTime:0.001001s ]
NOTIC: [8] Undefined index: uid C:\xampp\htdocs\training\Home\Lib\Action\VideoAction.class.php 第 41 行.
NOTIC: [8192] preg_replace(): The /e modifier is deprecated, use preg_replace_callback instead C:\xampp\htdocs\training\ThinkPHP\Lib\Core\Db.class.php 第 604 行.
SQL: SELECT COUNT(*) AS tp_count FROM `edu_video` WHERE ( `status` = '2' ) LIMIT 1   [ RunTime:0.000000s ]
NOTIC: [8192] preg_replace(): The /e modifier is deprecated, use preg_replace_callback instead C:\xampp\htdocs\training\ThinkPHP\Lib\Core\Db.class.php 第 604 行.
SQL: SELECT * FROM `edu_video` WHERE ( `status` = '2' ) ORDER BY clicknum desc LIMIT 0,6   [ RunTime:0.000000s ]
NOTIC: [8192] preg_replace(): The /e modifier is deprecated, use preg_replace_callback instead C:\xampp\htdocs\training\ThinkPHP\Lib\Core\Db.class.php 第 604 行.
SQL: SELECT * FROM `edu_video` WHERE ( status=2 ) ORDER BY addtime desc LIMIT 16   [ RunTime:0.002002s ]
SQL: SHOW COLUMNS FROM `edu_cat` [ RunTime:0.001002s ]
NOTIC: [8192] preg_replace(): The /e modifier is deprecated, use preg_replace_callback instead C:\xampp\htdocs\training\ThinkPHP\Lib\Core\Db.class.php 第 604 行.
SQL: SELECT * FROM `edu_cat` WHERE ( pid=0 ) LIMIT 6   [ RunTime:0.001001s ]
NOTIC: [2048] Declaration of CatAction::show() should be compatible with Action::show($content, $charset = '', $contentType = '', $prefix = '') C:\xampp\htdocs\training\Home\Lib\Action\CatAction.class.php 第 0 行.
NOTIC: [8] Undefined index: id C:\xampp\htdocs\training\Home\Lib\Action\CatAction.class.php 第 35 行.
NOTIC: [8192] preg_replace(): The /e modifier is deprecated, use preg_replace_callback instead C:\xampp\htdocs\training\ThinkPHP\Lib\Core\Db.class.php 第 604 行.
SQL: SELECT `id`,`name`,`path` FROM `edu_cat` ORDER BY concat(path,id)  [ RunTime:0.001001s ]
NOTIC: [8] Undefined index: user C:\xampp\htdocs\training\Home\Lib\Action\VideoAction.class.php 第 91 行.
NOTIC: [8] Undefined index: r C:\xampp\htdocs\training\Home\Lib\Action\VideoAction.class.php 第 96 行.
NOTIC: [8] Undefined index: q C:\xampp\htdocs\training\Home\Lib\Action\VideoAction.class.php 第 97 行.
NOTIC: [8] Undefined index: pid C:\xampp\htdocs\training\Home\Lib\Action\VideoAction.class.php 第 101 行.
NOTIC: [8] Undefined index: q C:\xampp\htdocs\training\Home\Lib\Action\VideoAction.class.php 第 101 行.
INFO: [ view_parse ] --START--
NOTIC: [8] Undefined index: user C:\xampp\htdocs\training\Home\Runtime\Cache\6adc493d7d3d92b608b9221da51c9a62733aab0c.file.head.html.php 第 44 行.
NOTIC: [8] Undefined index: user C:\xampp\htdocs\training\Home\Runtime\Cache\6adc493d7d3d92b608b9221da51c9a62733aab0c.file.head.html.php 第 60 行.
NOTIC: [8] Undefined index: user C:\xampp\htdocs\training\Home\Runtime\Cache\96b766e3a87dae98668b126087e13293c9a0b610.file.index.html.php 第 283 行.
NOTIC: [8] Undefined index: user C:\xampp\htdocs\training\Home\Runtime\Cache\96b766e3a87dae98668b126087e13293c9a0b610.file.index.html.php 第 294 行.
NOTIC: [8] Undefined index: user C:\xampp\htdocs\training\Home\Runtime\Cache\96b766e3a87dae98668b126087e13293c9a0b610.file.index.html.php 第 303 行.
NOTIC: [8] Undefined index: title C:\xampp\htdocs\training\Home\Runtime\Cache\96b766e3a87dae98668b126087e13293c9a0b610.file.index.html.php 第 326 行.
NOTIC: [8] Trying to get property of non-object C:\xampp\htdocs\training\Home\Runtime\Cache\96b766e3a87dae98668b126087e13293c9a0b610.file.index.html.php 第 326 行.
INFO: ParseTemplate Behavior ::run [ RunTime:0.002003s ]
INFO: [ view_parse ] --END-- [ RunTime:0.002003s ]
INFO: [ view_filter ] --START--
INFO: ContentReplace Behavior ::run [ RunTime:0.000000s ]
INFO: TokenBuild Behavior ::run [ RunTime:0.001001s ]
INFO: WriteHtmlCache Behavior ::run [ RunTime:0.000000s ]
INFO: ShowRuntime Behavior ::run [ RunTime:0.000000s ]
INFO: [ view_filter ] --END-- [ RunTime:0.001001s ]
INFO: [ view_end ] --START--
INFO: ShowPageTrace Behavior ::run [ RunTime:0.000000s ]
INFO: [ view_end ] --END-- [ RunTime:0.000000s ]

[ 2017-04-28T12:59:49+08:00 ] 0.0.0.0 /training/index.php/Index/index
INFO: [ route_check ] --START--
INFO: CheckRoute Behavior ::run [ RunTime:0.000000s ]
INFO: [ route_check ] --END-- [ RunTime:0.000000s ]
NOTIC: [8192] preg_replace(): The /e modifier is deprecated, use preg_replace_callback instead C:\xampp\htdocs\training\ThinkPHP\Lib\Core\Dispatcher.class.php 第 132 行.
INFO: [ app_begin ] --START--
INFO: ReadHtmlCache Behavior ::run [ RunTime:0.001001s ]
INFO: [ app_begin ] --END-- [ RunTime:0.001001s ]
NOTIC: [8192] mysql_connect(): The mysql extension is deprecated and will be removed in the future: use mysqli or PDO instead C:\xampp\htdocs\training\ThinkPHP\Lib\Driver\Db\DbMysql.class.php 第 55 行.
SQL: SHOW COLUMNS FROM `edu_clicknum` [ RunTime:0.003004s ]
NOTIC: [8192] preg_replace(): The /e modifier is deprecated, use preg_replace_callback instead C:\xampp\htdocs\training\ThinkPHP\Lib\Core\Db.class.php 第 604 行.
SQL: SELECT * FROM `edu_clicknum` WHERE ( `id` = 1 ) LIMIT 1   [ RunTime:0.001002s ]
SQL: UPDATE `edu_clicknum` SET `clicknum`=1095,`clicktime`=1493355589 WHERE ( `id` = 1 ) [ RunTime:0.000000s ]
SQL: SHOW COLUMNS FROM `edu_notice` [ RunTime:0.002003s ]
NOTIC: [8192] preg_replace(): The /e modifier is deprecated, use preg_replace_callback instead C:\xampp\htdocs\training\ThinkPHP\Lib\Core\Db.class.php 第 604 行.
SQL: SELECT * FROM `edu_notice` ORDER BY addtime desc LIMIT 6   [ RunTime:0.001001s ]
SQL: SHOW COLUMNS FROM `edu_library` [ RunTime:0.002002s ]
NOTIC: [8192] preg_replace(): The /e modifier is deprecated, use preg_replace_callback instead C:\xampp\htdocs\training\ThinkPHP\Lib\Core\Db.class.php 第 604 行.
SQL: SELECT * FROM `edu_library` ORDER BY addtime desc LIMIT 3   [ RunTime:0.000000s ]
NOTIC: [2] Invalid argument supplied for foreach() C:\xampp\htdocs\training\Home\Lib\Action\IndexAction.class.php 第 19 行.
NOTIC: [8192] preg_replace(): The /e modifier is deprecated, use preg_replace_callback instead C:\xampp\htdocs\training\ThinkPHP\Lib\Core\Db.class.php 第 604 行.
SQL: SELECT * FROM `edu_library` ORDER BY dwloadnum desc LIMIT 10   [ RunTime:0.000000s ]
NOTIC: [2] Invalid argument supplied for foreach() C:\xampp\htdocs\training\Home\Lib\Action\IndexAction.class.php 第 27 行.
SQL: select uid,count(*) num from edu_library group by uid order by num desc limit 8 [ RunTime:0.000000s ]
SQL: SHOW COLUMNS FROM `edu_video` [ RunTime:0.002003s ]
NOTIC: [8192] preg_replace(): The /e modifier is deprecated, use preg_replace_callback instead C:\xampp\htdocs\training\ThinkPHP\Lib\Core\Db.class.php 第 604 行.
SQL: SELECT * FROM `edu_video` ORDER BY addtime desc LIMIT 3   [ RunTime:0.000000s ]
NOTIC: [8192] preg_replace(): The /e modifier is deprecated, use preg_replace_callback instead C:\xampp\htdocs\training\ThinkPHP\Lib\Core\Db.class.php 第 604 行.
SQL: SELECT * FROM `edu_video` WHERE ( status=2 ) ORDER BY favonum desc LIMIT 8   [ RunTime:0.001001s ]
NOTIC: [8192] preg_replace(): The /e modifier is deprecated, use preg_replace_callback instead C:\xampp\htdocs\training\ThinkPHP\Lib\Core\Db.class.php 第 604 行.
SQL: SELECT * FROM `edu_video` WHERE ( status=2 ) ORDER BY clicknum desc LIMIT 10   [ RunTime:0.000000s ]
SQL: SHOW COLUMNS FROM `edu_cat` [ RunTime:0.001001s ]
NOTIC: [8192] preg_replace(): The /e modifier is deprecated, use preg_replace_callback instead C:\xampp\htdocs\training\ThinkPHP\Lib\Core\Db.class.php 第 604 行.
SQL: SELECT `id`,`name` FROM `edu_cat` WHERE ( pid=0 ) LIMIT 6   [ RunTime:0.000000s ]
NOTIC: [8192] preg_replace(): The /e modifier is deprecated, use preg_replace_callback instead C:\xampp\htdocs\training\ThinkPHP\Lib\Core\Db.class.php 第 604 行.
SQL: SELECT * FROM `edu_video` WHERE ( status=2 ) ORDER BY addtime desc LIMIT 5   [ RunTime:0.001001s ]
SQL: select nid,count(*) num from edu_zan where nid<>0 group by nid order by num desc limit 3 [ RunTime:0.001001s ]
SQL: select uid,count(*) num from edu_note group by uid order by num desc limit 8 [ RunTime:0.001001s ]
SQL: SHOW COLUMNS FROM `edu_cat` [ RunTime:0.001001s ]
NOTIC: [8192] preg_replace(): The /e modifier is deprecated, use preg_replace_callback instead C:\xampp\htdocs\training\ThinkPHP\Lib\Core\Db.class.php 第 604 行.
SQL: SELECT `id`,`name` FROM `edu_cat` WHERE ( pid!=0 )  [ RunTime:0.000000s ]
NOTIC: [8] Undefined offset: 5 C:\xampp\htdocs\training\Home\Lib\Action\IndexAction.class.php 第 92 行.
SQL: SHOW COLUMNS FROM `bbs_message` [ RunTime:0.001002s ]
NOTIC: [8192] preg_replace(): The /e modifier is deprecated, use preg_replace_callback instead C:\xampp\htdocs\training\ThinkPHP\Lib\Core\Db.class.php 第 604 行.
SQL: SELECT `id`,`title` FROM `bbs_message` WHERE ( (`keyword` LIKE '6') OR (`keyword` LIKE '%,6') OR (`keyword` LIKE '6,%') OR (`keyword` LIKE '%,6,%') ) AND ( `status` = '1' ) ORDER BY addtime desc LIMIT 3   [ RunTime:0.000000s ]
NOTIC: [8192] preg_replace(): The /e modifier is deprecated, use preg_replace_callback instead C:\xampp\htdocs\training\ThinkPHP\Lib\Core\Db.class.php 第 604 行.
SQL: SELECT COUNT(*) AS tp_count FROM `bbs_message` WHERE ( (`keyword` LIKE '6') OR (`keyword` LIKE '%,6') OR (`keyword` LIKE '6,%') OR (`keyword` LIKE '%,6,%') ) AND ( `status` = '1' ) LIMIT 1   [ RunTime:0.000000s ]
NOTIC: [8192] preg_replace(): The /e modifier is deprecated, use preg_replace_callback instead C:\xampp\htdocs\training\ThinkPHP\Lib\Core\Db.class.php 第 604 行.
SQL: SELECT `id`,`title` FROM `bbs_message` WHERE ( (`keyword` LIKE '8') OR (`keyword` LIKE '%,8') OR (`keyword` LIKE '8,%') OR (`keyword` LIKE '%,8,%') ) AND ( `status` = '1' ) ORDER BY addtime desc LIMIT 3   [ RunTime:0.000000s ]
NOTIC: [8192] preg_replace(): The /e modifier is deprecated, use preg_replace_callback instead C:\xampp\htdocs\training\ThinkPHP\Lib\Core\Db.class.php 第 604 行.
SQL: SELECT COUNT(*) AS tp_count FROM `bbs_message` WHERE ( (`keyword` LIKE '8') OR (`keyword` LIKE '%,8') OR (`keyword` LIKE '8,%') OR (`keyword` LIKE '%,8,%') ) AND ( `status` = '1' ) LIMIT 1   [ RunTime:0.000000s ]
NOTIC: [8192] preg_replace(): The /e modifier is deprecated, use preg_replace_callback instead C:\xampp\htdocs\training\ThinkPHP\Lib\Core\Db.class.php 第 604 行.
SQL: SELECT `id`,`title` FROM `bbs_message` WHERE ( (`keyword` LIKE '7') OR (`keyword` LIKE '%,7') OR (`keyword` LIKE '7,%') OR (`keyword` LIKE '%,7,%') ) AND ( `status` = '1' ) ORDER BY addtime desc LIMIT 3   [ RunTime:0.000000s ]
NOTIC: [8192] preg_replace(): The /e modifier is deprecated, use preg_replace_callback instead C:\xampp\htdocs\training\ThinkPHP\Lib\Core\Db.class.php 第 604 行.
SQL: SELECT COUNT(*) AS tp_count FROM `bbs_message` WHERE ( (`keyword` LIKE '7') OR (`keyword` LIKE '%,7') OR (`keyword` LIKE '7,%') OR (`keyword` LIKE '%,7,%') ) AND ( `status` = '1' ) LIMIT 1   [ RunTime:0.001001s ]
NOTIC: [8192] preg_replace(): The /e modifier is deprecated, use preg_replace_callback instead C:\xampp\htdocs\training\ThinkPHP\Lib\Core\Db.class.php 第 604 行.
SQL: SELECT `id`,`title` FROM `bbs_message` WHERE ( (`keyword` LIKE '5') OR (`keyword` LIKE '%,5') OR (`keyword` LIKE '5,%') OR (`keyword` LIKE '%,5,%') ) AND ( `status` = '1' ) ORDER BY addtime desc LIMIT 3   [ RunTime:0.000000s ]
NOTIC: [8192] preg_replace(): The /e modifier is deprecated, use preg_replace_callback instead C:\xampp\htdocs\training\ThinkPHP\Lib\Core\Db.class.php 第 604 行.
SQL: SELECT COUNT(*) AS tp_count FROM `bbs_message` WHERE ( (`keyword` LIKE '5') OR (`keyword` LIKE '%,5') OR (`keyword` LIKE '5,%') OR (`keyword` LIKE '%,5,%') ) AND ( `status` = '1' ) LIMIT 1   [ RunTime:0.001001s ]
NOTIC: [8192] preg_replace(): The /e modifier is deprecated, use preg_replace_callback instead C:\xampp\htdocs\training\ThinkPHP\Lib\Core\Db.class.php 第 604 行.
SQL: SELECT `id`,`title` FROM `bbs_message` WHERE ( (`keyword` LIKE '3') OR (`keyword` LIKE '%,3') OR (`keyword` LIKE '3,%') OR (`keyword` LIKE '%,3,%') ) AND ( `status` = '1' ) ORDER BY addtime desc LIMIT 3   [ RunTime:0.000000s ]
NOTIC: [8192] preg_replace(): The /e modifier is deprecated, use preg_replace_callback instead C:\xampp\htdocs\training\ThinkPHP\Lib\Core\Db.class.php 第 604 行.
SQL: SELECT COUNT(*) AS tp_count FROM `bbs_message` WHERE ( (`keyword` LIKE '3') OR (`keyword` LIKE '%,3') OR (`keyword` LIKE '3,%') OR (`keyword` LIKE '%,3,%') ) AND ( `status` = '1' ) LIMIT 1   [ RunTime:0.001001s ]
NOTIC: [8192] preg_replace(): The /e modifier is deprecated, use preg_replace_callback instead C:\xampp\htdocs\training\ThinkPHP\Lib\Core\Db.class.php 第 604 行.
SQL: SELECT `id`,`title` FROM `bbs_message` WHERE ( (`keyword` LIKE '') OR (`keyword` LIKE '%,') OR (`keyword` LIKE ',%') OR (`keyword` LIKE '%,,%') ) AND ( `status` = '1' ) ORDER BY addtime desc LIMIT 3   [ RunTime:0.000000s ]
NOTIC: [8192] preg_replace(): The /e modifier is deprecated, use preg_replace_callback instead C:\xampp\htdocs\training\ThinkPHP\Lib\Core\Db.class.php 第 604 行.
SQL: SELECT COUNT(*) AS tp_count FROM `bbs_message` WHERE ( (`keyword` LIKE '') OR (`keyword` LIKE '%,') OR (`keyword` LIKE ',%') OR (`keyword` LIKE '%,,%') ) AND ( `status` = '1' ) LIMIT 1   [ RunTime:0.001002s ]
SQL: SHOW COLUMNS FROM `bbs_question` [ RunTime:0.001001s ]
NOTIC: [8192] preg_replace(): The /e modifier is deprecated, use preg_replace_callback instead C:\xampp\htdocs\training\ThinkPHP\Lib\Core\Db.class.php 第 604 行.
SQL: SELECT `id`,`uid`,`content` FROM `bbs_question` WHERE ( `status` = '1' ) AND ( `isbest` = '1' ) AND ( `replay` <> '' ) ORDER BY addtime desc LIMIT 6   [ RunTime:0.000000s ]
SQL: SHOW COLUMNS FROM `edu_flink` [ RunTime:0.001001s ]
NOTIC: [8192] preg_replace(): The /e modifier is deprecated, use preg_replace_callback instead C:\xampp\htdocs\training\ThinkPHP\Lib\Core\Db.class.php 第 604 行.
SQL: SELECT * FROM `edu_flink` WHERE ( status=2 )  [ RunTime:0.000000s ]
NOTIC: [8] Undefined index: user C:\xampp\htdocs\training\Home\Lib\Action\IndexAction.class.php 第 132 行.
INFO: [ view_parse ] --START--
NOTIC: [8] Undefined index: user C:\xampp\htdocs\training\Home\Runtime\Cache\a0df498f3fa8ed5d3704c11b76d93149f0b249f5.file.index.html.php 第 124 行.
NOTIC: [8] Undefined index: user C:\xampp\htdocs\training\Home\Runtime\Cache\a0df498f3fa8ed5d3704c11b76d93149f0b249f5.file.index.html.php 第 183 行.
INFO: ParseTemplate Behavior ::run [ RunTime:0.003003s ]
INFO: [ view_parse ] --END-- [ RunTime:0.003003s ]
INFO: [ view_filter ] --START--
INFO: ContentReplace Behavior ::run [ RunTime:0.001002s ]
INFO: TokenBuild Behavior ::run [ RunTime:0.000000s ]
INFO: WriteHtmlCache Behavior ::run [ RunTime:0.000000s ]
INFO: ShowRuntime Behavior ::run [ RunTime:0.001001s ]
INFO: [ view_filter ] --END-- [ RunTime:0.002003s ]
INFO: [ view_end ] --START--
INFO: ShowPageTrace Behavior ::run [ RunTime:0.000000s ]
INFO: [ view_end ] --END-- [ RunTime:0.000000s ]

[ 2017-04-28T13:00:11+08:00 ] 0.0.0.0 /training/index.php/Video/play/id/69
INFO: [ route_check ] --START--
INFO: CheckRoute Behavior ::run [ RunTime:0.001001s ]
INFO: [ route_check ] --END-- [ RunTime:0.001001s ]
NOTIC: [8192] preg_replace(): The /e modifier is deprecated, use preg_replace_callback instead C:\xampp\htdocs\training\ThinkPHP\Lib\Core\Dispatcher.class.php 第 132 行.
INFO: [ app_begin ] --START--
INFO: ReadHtmlCache Behavior ::run [ RunTime:0.000000s ]
INFO: [ app_begin ] --END-- [ RunTime:0.001001s ]
NOTIC: [8192] mysql_connect(): The mysql extension is deprecated and will be removed in the future: use mysqli or PDO instead C:\xampp\htdocs\training\ThinkPHP\Lib\Driver\Db\DbMysql.class.php 第 55 行.
SQL: SHOW COLUMNS FROM `edu_video` [ RunTime:0.001001s ]
NOTIC: [8192] preg_replace(): The /e modifier is deprecated, use preg_replace_callback instead C:\xampp\htdocs\training\ThinkPHP\Lib\Core\Db.class.php 第 604 行.
SQL: SELECT * FROM `edu_video` WHERE ( `id` = 69 ) LIMIT 1   [ RunTime:0.001001s ]
SQL: UPDATE `edu_video` SET `tid`=5,`uid`=1,`videoname`='03Java基础篇开篇2',`name`='58fca5514a249.mp4',`picname`='58fca5514a249.jpg',`descr`='Java基础篇开篇2',`size`=41632992,`type`='mp4',`addtime`=1492952401,`favonum`=1,`clicknum`=26,`dwloadnum`=0,`status`=2 WHERE ( `id` = 69 ) [ RunTime:0.001002s ]
SQL: SHOW COLUMNS FROM `edu_note` [ RunTime:0.001001s ]
NOTIC: [8192] preg_replace(): The /e modifier is deprecated, use preg_replace_callback instead C:\xampp\htdocs\training\ThinkPHP\Lib\Core\Db.class.php 第 604 行.
SQL: SELECT * FROM `edu_note` WHERE ( vid=69 ) LIMIT 5   [ RunTime:0.000000s ]
NOTIC: [8192] preg_replace(): The /e modifier is deprecated, use preg_replace_callback instead C:\xampp\htdocs\training\ThinkPHP\Lib\Core\Db.class.php 第 604 行.
SQL: SELECT COUNT(*) AS tp_count FROM `edu_note` WHERE ( vid=69 ) LIMIT 1   [ RunTime:0.001002s ]
SQL: SHOW COLUMNS FROM `edu_videocom` [ RunTime:0.003003s ]
NOTIC: [8192] preg_replace(): The /e modifier is deprecated, use preg_replace_callback instead C:\xampp\htdocs\training\ThinkPHP\Lib\Core\Db.class.php 第 604 行.
SQL: SELECT COUNT(*) AS tp_count FROM `edu_videocom` WHERE ( `vid` = '69' ) LIMIT 1   [ RunTime:0.000000s ]
NOTIC: [8192] preg_replace(): The /e modifier is deprecated, use preg_replace_callback instead C:\xampp\htdocs\training\ThinkPHP\Lib\Core\Db.class.php 第 604 行.
SQL: SELECT * FROM `edu_videocom` WHERE ( `vid` = '69' ) ORDER BY addtime desc LIMIT 0,5   [ RunTime:0.000000s ]
NOTIC: [8] Undefined index: _type C:\xampp\htdocs\training\ThinkPHP\Lib\Core\Model.class.php 第 583 行.
NOTIC: [8192] preg_replace(): The /e modifier is deprecated, use preg_replace_callback instead C:\xampp\htdocs\training\ThinkPHP\Lib\Core\Db.class.php 第 604 行.
SQL: SELECT `username`,`picture` FROM `edu_users` WHERE ( `id` = '2' ) LIMIT 1   [ RunTime:0.001001s ]
NOTIC: [8] Undefined index: _type C:\xampp\htdocs\training\ThinkPHP\Lib\Core\Model.class.php 第 583 行.
NOTIC: [8192] preg_replace(): The /e modifier is deprecated, use preg_replace_callback instead C:\xampp\htdocs\training\ThinkPHP\Lib\Core\Db.class.php 第 604 行.
SQL: SELECT `username`,`picture` FROM `edu_users` WHERE ( `id` = '2' ) LIMIT 1   [ RunTime:0.000000s ]
NOTIC: [8] Undefined index: _type C:\xampp\htdocs\training\ThinkPHP\Lib\Core\Model.class.php 第 583 行.
NOTIC: [8192] preg_replace(): The /e modifier is deprecated, use preg_replace_callback instead C:\xampp\htdocs\training\ThinkPHP\Lib\Core\Db.class.php 第 604 行.
SQL: SELECT `username`,`picture` FROM `edu_users` WHERE ( `id` = '2' ) LIMIT 1   [ RunTime:0.001001s ]
SQL: SHOW COLUMNS FROM `edu_zan` [ RunTime:0.001002s ]
SQL: SHOW COLUMNS FROM `edu_collect` [ RunTime:0.006007s ]
NOTIC: [8] Undefined index: user C:\xampp\htdocs\training\Home\Lib\Action\VideoAction.class.php 第 244 行.
NOTIC: [8192] preg_replace(): The /e modifier is deprecated, use preg_replace_callback instead C:\xampp\htdocs\training\ThinkPHP\Lib\Core\Db.class.php 第 604 行.
SQL: SELECT * FROM `edu_zan` WHERE ( `uid` = null ) AND ( `vid` = '69' ) LIMIT 1   [ RunTime:0.000000s ]
NOTIC: [8192] preg_replace(): The /e modifier is deprecated, use preg_replace_callback instead C:\xampp\htdocs\training\ThinkPHP\Lib\Core\Db.class.php 第 604 行.
SQL: SELECT * FROM `edu_collect` WHERE ( `uid` = null ) AND ( `vid` = '69' ) LIMIT 1   [ RunTime:0.000000s ]
NOTIC: [8192] preg_replace(): The /e modifier is deprecated, use preg_replace_callback instead C:\xampp\htdocs\training\ThinkPHP\Lib\Core\Db.class.php 第 604 行.
SQL: SELECT * FROM `edu_video` WHERE ( id<>69 ) ORDER BY clicknum desc LIMIT 6   [ RunTime:0.000000s ]
INFO: [ view_parse ] --START--
NOTIC: [8] Undefined index: user C:\xampp\htdocs\training\Home\Runtime\Cache\6adc493d7d3d92b608b9221da51c9a62733aab0c.file.head.html.php 第 44 行.
NOTIC: [8] Undefined index: user C:\xampp\htdocs\training\Home\Runtime\Cache\6adc493d7d3d92b608b9221da51c9a62733aab0c.file.head.html.php 第 60 行.
NOTIC: [8] Undefined index: user C:\xampp\htdocs\training\Home\Runtime\Cache\7a0f92b3b2b4bf52cf22b5aec149172bb99f5c62.file.play.html.php 第 134 行.
NOTIC: [8] Undefined index: user C:\xampp\htdocs\training\Home\Runtime\Cache\7a0f92b3b2b4bf52cf22b5aec149172bb99f5c62.file.play.html.php 第 147 行.
NOTIC: [8] Undefined index: user C:\xampp\htdocs\training\Home\Runtime\Cache\7a0f92b3b2b4bf52cf22b5aec149172bb99f5c62.file.play.html.php 第 155 行.
NOTIC: [8] Undefined index: user C:\xampp\htdocs\training\Home\Runtime\Cache\7a0f92b3b2b4bf52cf22b5aec149172bb99f5c62.file.play.html.php 第 256 行.
NOTIC: [8] Undefined index: user C:\xampp\htdocs\training\Home\Runtime\Cache\7a0f92b3b2b4bf52cf22b5aec149172bb99f5c62.file.play.html.php 第 264 行.
NOTIC: [8] Undefined index: user C:\xampp\htdocs\training\Home\Runtime\Cache\7a0f92b3b2b4bf52cf22b5aec149172bb99f5c62.file.play.html.php 第 369 行.
NOTIC: [8] Undefined index: user C:\xampp\htdocs\training\Home\Runtime\Cache\7a0f92b3b2b4bf52cf22b5aec149172bb99f5c62.file.play.html.php 第 415 行.
NOTIC: [8] Undefined index: user C:\xampp\htdocs\training\Home\Runtime\Cache\7a0f92b3b2b4bf52cf22b5aec149172bb99f5c62.file.play.html.php 第 481 行.
INFO: ParseTemplate Behavior ::run [ RunTime:0.008010s ]
INFO: [ view_parse ] --END-- [ RunTime:0.008010s ]
INFO: [ view_filter ] --START--
INFO: ContentReplace Behavior ::run [ RunTime:0.000000s ]
INFO: TokenBuild Behavior ::run [ RunTime:0.001001s ]
INFO: WriteHtmlCache Behavior ::run [ RunTime:0.000000s ]
INFO: ShowRuntime Behavior ::run [ RunTime:0.001002s ]
INFO: [ view_filter ] --END-- [ RunTime:0.002003s ]
INFO: [ view_end ] --START--
INFO: ShowPageTrace Behavior ::run [ RunTime:0.001001s ]
INFO: [ view_end ] --END-- [ RunTime:0.001001s ]

[ 2017-04-28T13:00:19+08:00 ] 0.0.0.0 /training/index.php/Users/otheredu/uid/2
INFO: [ route_check ] --START--
INFO: CheckRoute Behavior ::run [ RunTime:0.001002s ]
INFO: [ route_check ] --END-- [ RunTime:0.001002s ]
NOTIC: [8192] preg_replace(): The /e modifier is deprecated, use preg_replace_callback instead C:\xampp\htdocs\training\ThinkPHP\Lib\Core\Dispatcher.class.php 第 132 行.
INFO: [ app_begin ] --START--
INFO: ReadHtmlCache Behavior ::run [ RunTime:0.000000s ]
INFO: [ app_begin ] --END-- [ RunTime:0.001001s ]
NOTIC: [8] A session had already been started - ignoring session_start() C:\xampp\htdocs\training\Home\Lib\Action\UsersAction.class.php 第 2 行.
NOTIC: [8] Undefined index: user C:\xampp\htdocs\training\Home\Lib\Action\UsersAction.class.php 第 896 行.
INFO: [ view_parse ] --START--
NOTIC: [8] Undefined index: user C:\xampp\htdocs\training\Home\Runtime\Cache\69b97ade90a25858ccad3747410006eb9957dae3.file.index.html.php 第 98 行.
NOTIC: [8] Undefined index: user C:\xampp\htdocs\training\Home\Runtime\Cache\69b97ade90a25858ccad3747410006eb9957dae3.file.index.html.php 第 108 行.
INFO: ParseTemplate Behavior ::run [ RunTime:0.004005s ]
INFO: [ view_parse ] --END-- [ RunTime:0.004005s ]
INFO: [ view_filter ] --START--
INFO: ContentReplace Behavior ::run [ RunTime:0.001001s ]
INFO: TokenBuild Behavior ::run [ RunTime:0.000000s ]
INFO: WriteHtmlCache Behavior ::run [ RunTime:0.000000s ]
INFO: ShowRuntime Behavior ::run [ RunTime:0.001002s ]
INFO: [ view_filter ] --END-- [ RunTime:0.002003s ]
INFO: [ view_end ] --START--
INFO: ShowPageTrace Behavior ::run [ RunTime:0.000000s ]
INFO: [ view_end ] --END-- [ RunTime:0.000000s ]
NOTIC: [8192] mysql_connect(): The mysql extension is deprecated and will be removed in the future: use mysqli or PDO instead C:\xampp\htdocs\training\ThinkPHP\Lib\Driver\Db\DbMysql.class.php 第 55 行.
SQL: SHOW COLUMNS FROM `edu_uservisit` [ RunTime:0.012015s ]
NOTIC: [8] Undefined index: user C:\xampp\htdocs\training\Home\Lib\Action\UsersAction.class.php 第 902 行.
NOTIC: [8] Undefined index: user C:\xampp\htdocs\training\Home\Lib\Action\UsersAction.class.php 第 906 行.
NOTIC: [8192] preg_replace(): The /e modifier is deprecated, use preg_replace_callback instead C:\xampp\htdocs\training\ThinkPHP\Lib\Core\Db.class.php 第 604 行.
SQL: SELECT * FROM `edu_uservisit` WHERE ( vid='' and uid!='' ) ORDER BY visittime desc LIMIT 4   [ RunTime:0.001002s ]
NOTIC: [8192] preg_replace(): The /e modifier is deprecated, use preg_replace_callback instead C:\xampp\htdocs\training\ThinkPHP\Lib\Core\Db.class.php 第 604 行.
SQL: SELECT * FROM `edu_uservisit` WHERE ( uid='' and vid!='' ) ORDER BY visittime desc LIMIT 4   [ RunTime:0.002002s ]
SQL: SHOW COLUMNS FROM `bbs_message` [ RunTime:0.001001s ]
NOTIC: [8192] preg_replace(): The /e modifier is deprecated, use preg_replace_callback instead C:\xampp\htdocs\training\ThinkPHP\Lib\Core\Db.class.php 第 604 行.
SQL: SELECT COUNT(*) AS tp_count FROM `bbs_message` WHERE ( uid='2' ) LIMIT 1   [ RunTime:0.000000s ]
SQL: SHOW COLUMNS FROM `edu_friend` [ RunTime:0.003004s ]
NOTIC: [8192] preg_replace(): The /e modifier is deprecated, use preg_replace_callback instead C:\xampp\htdocs\training\ThinkPHP\Lib\Core\Db.class.php 第 604 行.
SQL: SELECT * FROM `edu_friend` WHERE ( uid='2' ) LIMIT 5   [ RunTime:0.001002s ]
NOTIC: [8192] preg_replace(): The /e modifier is deprecated, use preg_replace_callback instead C:\xampp\htdocs\training\ThinkPHP\Lib\Core\Db.class.php 第 604 行.
SQL: SELECT COUNT(*) AS tp_count FROM `edu_friend` WHERE ( uid='2' ) LIMIT 1   [ RunTime:0.000000s ]
NOTIC: [8192] preg_replace(): The /e modifier is deprecated, use preg_replace_callback instead C:\xampp\htdocs\training\ThinkPHP\Lib\Core\Db.class.php 第 604 行.
SQL: SELECT COUNT(*) AS tp_count FROM `edu_friend` WHERE ( fid='2' ) LIMIT 1   [ RunTime:0.001001s ]
NOTIC: [8] Undefined index: _type C:\xampp\htdocs\training\ThinkPHP\Lib\Core\Model.class.php 第 583 行.
NOTIC: [8192] preg_replace(): The /e modifier is deprecated, use preg_replace_callback instead C:\xampp\htdocs\training\ThinkPHP\Lib\Core\Db.class.php 第 604 行.
SQL: SELECT `username`,`picture` FROM `edu_users` WHERE ( `id` = '1' ) LIMIT 1   [ RunTime:0.001002s ]
SQL: SHOW COLUMNS FROM `edu_video` [ RunTime:0.004005s ]
NOTIC: [8192] preg_replace(): The /e modifier is deprecated, use preg_replace_callback instead C:\xampp\htdocs\training\ThinkPHP\Lib\Core\Db.class.php 第 604 行.
SQL: SELECT COUNT(*) AS tp_count FROM `edu_video` WHERE ( uid='2' ) LIMIT 1   [ RunTime:0.001001s ]
SQL: SHOW COLUMNS FROM `edu_note` [ RunTime:0.002003s ]
NOTIC: [8192] preg_replace(): The /e modifier is deprecated, use preg_replace_callback instead C:\xampp\htdocs\training\ThinkPHP\Lib\Core\Db.class.php 第 604 行.
SQL: SELECT * FROM `edu_note` WHERE ( uid='2' ) LIMIT 5   [ RunTime:0.000000s ]
NOTIC: [8192] preg_replace(): The /e modifier is deprecated, use preg_replace_callback instead C:\xampp\htdocs\training\ThinkPHP\Lib\Core\Db.class.php 第 604 行.
SQL: SELECT COUNT(*) AS tp_count FROM `edu_note` WHERE ( uid='2' ) LIMIT 1   [ RunTime:0.000000s ]
SQL: SHOW COLUMNS FROM `edu_library` [ RunTime:0.001001s ]
NOTIC: [8192] preg_replace(): The /e modifier is deprecated, use preg_replace_callback instead C:\xampp\htdocs\training\ThinkPHP\Lib\Core\Db.class.php 第 604 行.
SQL: SELECT COUNT(*) AS tp_count FROM `edu_library` WHERE ( uid='2' ) LIMIT 1   [ RunTime:0.001002s ]
SQL: SHOW COLUMNS FROM `edu_collect` [ RunTime:0.001001s ]
NOTIC: [8192] preg_replace(): The /e modifier is deprecated, use preg_replace_callback instead C:\xampp\htdocs\training\ThinkPHP\Lib\Core\Db.class.php 第 604 行.
SQL: SELECT `vid` FROM `edu_collect` WHERE ( uid='2' )  [ RunTime:0.001001s ]
NOTIC: [8192] preg_replace(): The /e modifier is deprecated, use preg_replace_callback instead C:\xampp\htdocs\training\ThinkPHP\Lib\Core\Db.class.php 第 604 行.
SQL: SELECT COUNT(*) AS tp_count FROM `edu_collect` WHERE ( uid='2' and vid<>0 ) LIMIT 1   [ RunTime:0.000000s ]
NOTIC: [8192] preg_replace(): The /e modifier is deprecated, use preg_replace_callback instead C:\xampp\htdocs\training\ThinkPHP\Lib\Core\Db.class.php 第 604 行.
SQL: SELECT * FROM `edu_video` WHERE ( `id` IN ('0') ) LIMIT 4   [ RunTime:0.001001s ]
SQL: SHOW COLUMNS FROM `edu_usermessage` [ RunTime:0.004006s ]
NOTIC: [8192] preg_replace(): The /e modifier is deprecated, use preg_replace_callback instead C:\xampp\htdocs\training\ThinkPHP\Lib\Core\Db.class.php 第 604 行.
SQL: SELECT * FROM `edu_usermessage` WHERE ( myid='2' and vid!='2' ) ORDER BY addtime desc LIMIT 3   [ RunTime:0.001001s ]
NOTIC: [2] array_reverse() expects parameter 1 to be array, null given C:\xampp\htdocs\training\Home\Lib\Action\UsersAction.class.php 第 971 行.
NOTIC: [8192] preg_replace(): The /e modifier is deprecated, use preg_replace_callback instead C:\xampp\htdocs\training\ThinkPHP\Lib\Core\Db.class.php 第 604 行.
SQL: SELECT * FROM `edu_usermessage` WHERE ( myid='2' and vid='2' ) ORDER BY addtime desc LIMIT 1   [ RunTime:0.000000s ]
NOTIC: [8] Undefined index: user C:\xampp\htdocs\training\Home\Lib\Action\UsersAction.class.php 第 977 行.
NOTIC: [8192] preg_replace(): The /e modifier is deprecated, use preg_replace_callback instead C:\xampp\htdocs\training\ThinkPHP\Lib\Core\Db.class.php 第 604 行.
SQL: SELECT * FROM `edu_uservisit` WHERE ( uid='2' and vid='' ) LIMIT 1   [ RunTime:0.000000s ]
NOTIC: [8192] preg_replace(): The /e modifier is deprecated, use preg_replace_callback instead C:\xampp\htdocs\training\ThinkPHP\Lib\Core\Db.class.php 第 604 行.
SQL: SELECT * FROM `edu_users` WHERE ( id='2' ) LIMIT 1   [ RunTime:0.000000s ]
NOTIC: [8] Undefined index: user C:\xampp\htdocs\training\Home\Lib\Action\UsersAction.class.php 第 989 行.
SQL: UPDATE `edu_uservisit` SET `number`=3,`visittime`=1493355619,`upicname`='1.jpg',`vpicname`=null WHERE ( `id` = 73 ) [ RunTime:0.000000s ]
NOTIC: [8192] preg_replace(): The /e modifier is deprecated, use preg_replace_callback instead C:\xampp\htdocs\training\ThinkPHP\Lib\Core\Db.class.php 第 604 行.
SQL: SELECT * FROM `edu_users` WHERE ( id='2' ) LIMIT 1   [ RunTime:0.000000s ]
NOTIC: [8] Undefined index: user C:\xampp\htdocs\training\Home\Lib\Action\UsersAction.class.php 第 1008 行.
NOTIC: [8192] preg_replace(): The /e modifier is deprecated, use preg_replace_callback instead C:\xampp\htdocs\training\ThinkPHP\Lib\Core\Db.class.php 第 604 行.
SQL: SELECT * FROM `edu_friend` WHERE ( uid='' and fid='2' ) LIMIT 1   [ RunTime:0.000000s ]
NOTIC: [8] Constant THEME_NAME already defined C:\xampp\htdocs\training\ThinkPHP\Lib\Core\View.class.php 第 223 行.
NOTIC: [8] Constant THEME_PATH already defined C:\xampp\htdocs\training\ThinkPHP\Lib\Core\View.class.php 第 174 行.
NOTIC: [8] Constant APP_TMPL_PATH already defined C:\xampp\htdocs\training\ThinkPHP\Lib\Core\View.class.php 第 175 行.
INFO: [ view_parse ] --START--
NOTIC: [8] Undefined index: user C:\xampp\htdocs\training\Home\Runtime\Cache\8b208faa319b29c8b8a52b35dd0ec9e7976dad9a.file.head2.html.php 第 120 行.
NOTIC: [8] Undefined index: user C:\xampp\htdocs\training\Home\Runtime\Cache\8b208faa319b29c8b8a52b35dd0ec9e7976dad9a.file.head2.html.php 第 137 行.
NOTIC: [8] Undefined index: user C:\xampp\htdocs\training\Home\Runtime\Cache\8b208faa319b29c8b8a52b35dd0ec9e7976dad9a.file.head2.html.php 第 141 行.
NOTIC: [8] Undefined index: user C:\xampp\htdocs\training\Home\Runtime\Cache\8b208faa319b29c8b8a52b35dd0ec9e7976dad9a.file.head2.html.php 第 142 行.
NOTIC: [8] Undefined index: user C:\xampp\htdocs\training\Home\Runtime\Cache\8b208faa319b29c8b8a52b35dd0ec9e7976dad9a.file.head2.html.php 第 143 行.
NOTIC: [8] Undefined index: user C:\xampp\htdocs\training\Home\Runtime\Cache\8b208faa319b29c8b8a52b35dd0ec9e7976dad9a.file.head2.html.php 第 143 行.
NOTIC: [8] Undefined index: user C:\xampp\htdocs\training\Home\Runtime\Cache\8b208faa319b29c8b8a52b35dd0ec9e7976dad9a.file.head2.html.php 第 144 行.
NOTIC: [8] Undefined index: user C:\xampp\htdocs\training\Home\Runtime\Cache\8b208faa319b29c8b8a52b35dd0ec9e7976dad9a.file.head2.html.php 第 145 行.
NOTIC: [8] Undefined index: user C:\xampp\htdocs\training\Home\Runtime\Cache\6a73f56a9b100125fd7da9ebc8694feac984f8cc.file.otheredu.html.php 第 169 行.
NOTIC: [8] Undefined index: user C:\xampp\htdocs\training\Home\Runtime\Cache\6a73f56a9b100125fd7da9ebc8694feac984f8cc.file.otheredu.html.php 第 171 行.
NOTIC: [8] Undefined index: user C:\xampp\htdocs\training\Home\Runtime\Cache\6a73f56a9b100125fd7da9ebc8694feac984f8cc.file.otheredu.html.php 第 180 行.
NOTIC: [8] Undefined index: user C:\xampp\htdocs\training\Home\Runtime\Cache\6a73f56a9b100125fd7da9ebc8694feac984f8cc.file.otheredu.html.php 第 181 行.
NOTIC: [8] Undefined index: user C:\xampp\htdocs\training\Home\Runtime\Cache\6a73f56a9b100125fd7da9ebc8694feac984f8cc.file.otheredu.html.php 第 182 行.
NOTIC: [8] Undefined index: fid C:\xampp\htdocs\training\Home\Runtime\Cache\6a73f56a9b100125fd7da9ebc8694feac984f8cc.file.otheredu.html.php 第 342 行.
NOTIC: [8] Undefined index: username C:\xampp\htdocs\training\Home\Runtime\Cache\6a73f56a9b100125fd7da9ebc8694feac984f8cc.file.otheredu.html.php 第 343 行.
NOTIC: [8] Undefined index: picture C:\xampp\htdocs\training\Home\Runtime\Cache\6a73f56a9b100125fd7da9ebc8694feac984f8cc.file.otheredu.html.php 第 344 行.
NOTIC: [8] Undefined index: username C:\xampp\htdocs\training\Home\Runtime\Cache\6a73f56a9b100125fd7da9ebc8694feac984f8cc.file.otheredu.html.php 第 345 行.
INFO: ParseTemplate Behavior ::run [ RunTime:0.008011s ]
INFO: [ view_parse ] --END-- [ RunTime:-0.067087s ]
INFO: [ view_filter ] --START--
INFO: ContentReplace Behavior ::run [ RunTime:0.000000s ]
INFO: TokenBuild Behavior ::run [ RunTime:0.001001s ]
INFO: WriteHtmlCache Behavior ::run [ RunTime:0.000000s ]
INFO: ShowRuntime Behavior ::run [ RunTime:0.000000s ]
INFO: [ view_filter ] --END-- [ RunTime:-0.073095s ]
NOTIC: [2] Cannot modify header information - headers already sent by (output started at C:\xampp\htdocs\training\ThinkPHP\Lib\Core\View.class.php:99) C:\xampp\htdocs\training\ThinkPHP\Lib\Core\View.class.php 第 95 行.
NOTIC: [2] Cannot modify header information - headers already sent by (output started at C:\xampp\htdocs\training\ThinkPHP\Lib\Core\View.class.php:99) C:\xampp\htdocs\training\ThinkPHP\Lib\Core\View.class.php 第 96 行.
NOTIC: [2] Cannot modify header information - headers already sent by (output started at C:\xampp\htdocs\training\ThinkPHP\Lib\Core\View.class.php:99) C:\xampp\htdocs\training\ThinkPHP\Lib\Core\View.class.php 第 97 行.
INFO: [ view_end ] --START--
INFO: ShowPageTrace Behavior ::run [ RunTime:0.000000s ]
INFO: [ view_end ] --END-- [ RunTime:-0.074096s ]

[ 2017-04-28T13:00:19+08:00 ] 0.0.0.0 /training/index.php/Users/otheredu/uid/training/Public/css/simple.css
INFO: [ route_check ] --START--
INFO: CheckRoute Behavior ::run [ RunTime:0.000000s ]
INFO: [ route_check ] --END-- [ RunTime:0.001002s ]
NOTIC: [8192] preg_replace(): The /e modifier is deprecated, use preg_replace_callback instead C:\xampp\htdocs\training\ThinkPHP\Lib\Core\Dispatcher.class.php 第 132 行.
INFO: [ app_begin ] --START--
INFO: ReadHtmlCache Behavior ::run [ RunTime:0.000000s ]
INFO: [ app_begin ] --END-- [ RunTime:0.000000s ]
NOTIC: [8] A session had already been started - ignoring session_start() C:\xampp\htdocs\training\Home\Lib\Action\UsersAction.class.php 第 2 行.
NOTIC: [8] Undefined index: user C:\xampp\htdocs\training\Home\Lib\Action\UsersAction.class.php 第 896 行.
INFO: [ view_parse ] --START--
NOTIC: [8] Undefined index: user C:\xampp\htdocs\training\Home\Runtime\Cache\69b97ade90a25858ccad3747410006eb9957dae3.file.index.html.php 第 98 行.
NOTIC: [8] Undefined index: user C:\xampp\htdocs\training\Home\Runtime\Cache\69b97ade90a25858ccad3747410006eb9957dae3.file.index.html.php 第 108 行.
INFO: ParseTemplate Behavior ::run [ RunTime:0.002002s ]
INFO: [ view_parse ] --END-- [ RunTime:0.003004s ]
INFO: [ view_filter ] --START--
INFO: ContentReplace Behavior ::run [ RunTime:0.000000s ]
INFO: TokenBuild Behavior ::run [ RunTime:0.001001s ]
INFO: WriteHtmlCache Behavior ::run [ RunTime:0.000000s ]
INFO: ShowRuntime Behavior ::run [ RunTime:0.001001s ]
INFO: [ view_filter ] --END-- [ RunTime:0.002002s ]
INFO: [ view_end ] --START--
INFO: ShowPageTrace Behavior ::run [ RunTime:0.000000s ]
INFO: [ view_end ] --END-- [ RunTime:0.001001s ]
NOTIC: [8192] mysql_connect(): The mysql extension is deprecated and will be removed in the future: use mysqli or PDO instead C:\xampp\htdocs\training\ThinkPHP\Lib\Driver\Db\DbMysql.class.php 第 55 行.
SQL: SHOW COLUMNS FROM `edu_uservisit` [ RunTime:0.006007s ]
NOTIC: [8] Undefined index: user C:\xampp\htdocs\training\Home\Lib\Action\UsersAction.class.php 第 902 行.
NOTIC: [8] Undefined index: user C:\xampp\htdocs\training\Home\Lib\Action\UsersAction.class.php 第 906 行.
NOTIC: [8192] preg_replace(): The /e modifier is deprecated, use preg_replace_callback instead C:\xampp\htdocs\training\ThinkPHP\Lib\Core\Db.class.php 第 604 行.
SQL: SELECT * FROM `edu_uservisit` WHERE ( vid='' and uid!='' ) ORDER BY visittime desc LIMIT 4   [ RunTime:0.000000s ]
NOTIC: [8192] preg_replace(): The /e modifier is deprecated, use preg_replace_callback instead C:\xampp\htdocs\training\ThinkPHP\Lib\Core\Db.class.php 第 604 行.
SQL: SELECT * FROM `edu_uservisit` WHERE ( uid='' and vid!='' ) ORDER BY visittime desc LIMIT 4   [ RunTime:0.001001s ]
SQL: SHOW COLUMNS FROM `bbs_message` [ RunTime:0.001002s ]
NOTIC: [8192] preg_replace(): The /e modifier is deprecated, use preg_replace_callback instead C:\xampp\htdocs\training\ThinkPHP\Lib\Core\Db.class.php 第 604 行.
SQL: SELECT COUNT(*) AS tp_count FROM `bbs_message` WHERE ( uid='training' ) LIMIT 1   [ RunTime:0.001001s ]
SQL: SHOW COLUMNS FROM `edu_friend` [ RunTime:0.002002s ]
NOTIC: [8192] preg_replace(): The /e modifier is deprecated, use preg_replace_callback instead C:\xampp\htdocs\training\ThinkPHP\Lib\Core\Db.class.php 第 604 行.
SQL: SELECT * FROM `edu_friend` WHERE ( uid='training' ) LIMIT 5   [ RunTime:0.001001s ]
NOTIC: [8192] preg_replace(): The /e modifier is deprecated, use preg_replace_callback instead C:\xampp\htdocs\training\ThinkPHP\Lib\Core\Db.class.php 第 604 行.
SQL: SELECT COUNT(*) AS tp_count FROM `edu_friend` WHERE ( uid='training' ) LIMIT 1   [ RunTime:0.000000s ]
NOTIC: [8192] preg_replace(): The /e modifier is deprecated, use preg_replace_callback instead C:\xampp\htdocs\training\ThinkPHP\Lib\Core\Db.class.php 第 604 行.
SQL: SELECT COUNT(*) AS tp_count FROM `edu_friend` WHERE ( fid='training' ) LIMIT 1   [ RunTime:0.000000s ]
NOTIC: [2] Invalid argument supplied for foreach() C:\xampp\htdocs\training\Home\Lib\Action\UsersAction.class.php 第 930 行.
SQL: SHOW COLUMNS FROM `edu_video` [ RunTime:0.004006s ]
NOTIC: [8192] preg_replace(): The /e modifier is deprecated, use preg_replace_callback instead C:\xampp\htdocs\training\ThinkPHP\Lib\Core\Db.class.php 第 604 行.
SQL: SELECT COUNT(*) AS tp_count FROM `edu_video` WHERE ( uid='training' ) LIMIT 1   [ RunTime:0.000000s ]
SQL: SHOW COLUMNS FROM `edu_note` [ RunTime:0.002003s ]
NOTIC: [8192] preg_replace(): The /e modifier is deprecated, use preg_replace_callback instead C:\xampp\htdocs\training\ThinkPHP\Lib\Core\Db.class.php 第 604 行.
SQL: SELECT * FROM `edu_note` WHERE ( uid='training' ) LIMIT 5   [ RunTime:0.000000s ]
NOTIC: [8192] preg_replace(): The /e modifier is deprecated, use preg_replace_callback instead C:\xampp\htdocs\training\ThinkPHP\Lib\Core\Db.class.php 第 604 行.
SQL: SELECT COUNT(*) AS tp_count FROM `edu_note` WHERE ( uid='training' ) LIMIT 1   [ RunTime:0.000000s ]
SQL: SHOW COLUMNS FROM `edu_library` [ RunTime:0.001001s ]
NOTIC: [8192] preg_replace(): The /e modifier is deprecated, use preg_replace_callback instead C:\xampp\htdocs\training\ThinkPHP\Lib\Core\Db.class.php 第 604 行.
SQL: SELECT COUNT(*) AS tp_count FROM `edu_library` WHERE ( uid='training' ) LIMIT 1   [ RunTime:0.000000s ]
SQL: SHOW COLUMNS FROM `edu_collect` [ RunTime:0.002002s ]
NOTIC: [8192] preg_replace(): The /e modifier is deprecated, use preg_replace_callback instead C:\xampp\htdocs\training\ThinkPHP\Lib\Core\Db.class.php 第 604 行.
SQL: SELECT `vid` FROM `edu_collect` WHERE ( uid='training' )  [ RunTime:0.000000s ]
NOTIC: [8192] preg_replace(): The /e modifier is deprecated, use preg_replace_callback instead C:\xampp\htdocs\training\ThinkPHP\Lib\Core\Db.class.php 第 604 行.
SQL: SELECT COUNT(*) AS tp_count FROM `edu_collect` WHERE ( uid='training' and vid<>0 ) LIMIT 1   [ RunTime:0.000000s ]
NOTIC: [2] Invalid argument supplied for foreach() C:\xampp\htdocs\training\Home\Lib\Action\UsersAction.class.php 第 955 行.
NOTIC: [8192] preg_replace(): The /e modifier is deprecated, use preg_replace_callback instead C:\xampp\htdocs\training\ThinkPHP\Lib\Core\Db.class.php 第 604 行.
SQL: SELECT * FROM `edu_video` WHERE ( `id` IN () ) LIMIT 4   [ RunTime:0.001001s ]
ERR: 1064:You have an error in your SQL syntax; check the manual that corresponds to your MySQL server version for the right syntax to use near ') ) LIMIT 4' at line 1
 [ SQL语句 ] : SELECT * FROM `edu_video` WHERE ( `id` IN () ) LIMIT 4  
SQL: SHOW COLUMNS FROM `edu_usermessage` [ RunTime:0.001001s ]
NOTIC: [8192] preg_replace(): The /e modifier is deprecated, use preg_replace_callback instead C:\xampp\htdocs\training\ThinkPHP\Lib\Core\Db.class.php 第 604 行.
SQL: SELECT * FROM `edu_usermessage` WHERE ( myid='training' and vid!='training' ) ORDER BY addtime desc LIMIT 3   [ RunTime:0.001001s ]
NOTIC: [2] array_reverse() expects parameter 1 to be array, null given C:\xampp\htdocs\training\Home\Lib\Action\UsersAction.class.php 第 971 行.
NOTIC: [8192] preg_replace(): The /e modifier is deprecated, use preg_replace_callback instead C:\xampp\htdocs\training\ThinkPHP\Lib\Core\Db.class.php 第 604 行.
SQL: SELECT * FROM `edu_usermessage` WHERE ( myid='training' and vid='training' ) ORDER BY addtime desc LIMIT 1   [ RunTime:0.000000s ]
NOTIC: [8] Undefined index: user C:\xampp\htdocs\training\Home\Lib\Action\UsersAction.class.php 第 977 行.
NOTIC: [8192] preg_replace(): The /e modifier is deprecated, use preg_replace_callback instead C:\xampp\htdocs\training\ThinkPHP\Lib\Core\Db.class.php 第 604 行.
SQL: SELECT * FROM `edu_uservisit` WHERE ( uid='training' and vid='' ) LIMIT 1   [ RunTime:0.000000s ]
NOTIC: [8192] preg_replace(): The /e modifier is deprecated, use preg_replace_callback instead C:\xampp\htdocs\training\ThinkPHP\Lib\Core\Db.class.php 第 604 行.
SQL: SELECT * FROM `edu_users` WHERE ( id='training' ) LIMIT 1   [ RunTime:0.001001s ]
NOTIC: [8] Undefined index: user C:\xampp\htdocs\training\Home\Lib\Action\UsersAction.class.php 第 993 行.
NOTIC: [8] Undefined index: user C:\xampp\htdocs\training\Home\Lib\Action\UsersAction.class.php 第 994 行.
NOTIC: [8] Undefined index: user C:\xampp\htdocs\training\Home\Lib\Action\UsersAction.class.php 第 998 行.
SQL: INSERT INTO `edu_uservisit` (`uid`,`vid`,`visitor`,`visittime`,`uname`,`upicname`,`vpicname`) VALUES (0,null,null,1493355619,null,null,null) [ RunTime:0.000000s ]
ERR: 1048:Column 'vid' cannot be null
 [ SQL语句 ] : INSERT INTO `edu_uservisit` (`uid`,`vid`,`visitor`,`visittime`,`uname`,`upicname`,`vpicname`) VALUES (0,null,null,1493355619,null,null,null)
NOTIC: [8192] preg_replace(): The /e modifier is deprecated, use preg_replace_callback instead C:\xampp\htdocs\training\ThinkPHP\Lib\Core\Db.class.php 第 604 行.
SQL: SELECT * FROM `edu_users` WHERE ( id='training' ) LIMIT 1   [ RunTime:0.000000s ]
NOTIC: [8] Undefined index: user C:\xampp\htdocs\training\Home\Lib\Action\UsersAction.class.php 第 1008 行.
NOTIC: [8192] preg_replace(): The /e modifier is deprecated, use preg_replace_callback instead C:\xampp\htdocs\training\ThinkPHP\Lib\Core\Db.class.php 第 604 行.
SQL: SELECT * FROM `edu_friend` WHERE ( uid='' and fid='training' ) LIMIT 1   [ RunTime:0.001002s ]
NOTIC: [8] Constant THEME_NAME already defined C:\xampp\htdocs\training\ThinkPHP\Lib\Core\View.class.php 第 223 行.
NOTIC: [8] Constant THEME_PATH already defined C:\xampp\htdocs\training\ThinkPHP\Lib\Core\View.class.php 第 174 行.
NOTIC: [8] Constant APP_TMPL_PATH already defined C:\xampp\htdocs\training\ThinkPHP\Lib\Core\View.class.php 第 175 行.
INFO: [ view_parse ] --START--
NOTIC: [8] Undefined index: user C:\xampp\htdocs\training\Home\Runtime\Cache\8b208faa319b29c8b8a52b35dd0ec9e7976dad9a.file.head2.html.php 第 120 行.
NOTIC: [8] Undefined index: user C:\xampp\htdocs\training\Home\Runtime\Cache\8b208faa319b29c8b8a52b35dd0ec9e7976dad9a.file.head2.html.php 第 137 行.
NOTIC: [8] Undefined index: user C:\xampp\htdocs\training\Home\Runtime\Cache\8b208faa319b29c8b8a52b35dd0ec9e7976dad9a.file.head2.html.php 第 141 行.
NOTIC: [8] Undefined index: user C:\xampp\htdocs\training\Home\Runtime\Cache\8b208faa319b29c8b8a52b35dd0ec9e7976dad9a.file.head2.html.php 第 142 行.
NOTIC: [8] Undefined index: user C:\xampp\htdocs\training\Home\Runtime\Cache\8b208faa319b29c8b8a52b35dd0ec9e7976dad9a.file.head2.html.php 第 143 行.
NOTIC: [8] Undefined index: user C:\xampp\htdocs\training\Home\Runtime\Cache\8b208faa319b29c8b8a52b35dd0ec9e7976dad9a.file.head2.html.php 第 143 行.
NOTIC: [8] Undefined index: user C:\xampp\htdocs\training\Home\Runtime\Cache\8b208faa319b29c8b8a52b35dd0ec9e7976dad9a.file.head2.html.php 第 144 行.
NOTIC: [8] Undefined index: user C:\xampp\htdocs\training\Home\Runtime\Cache\8b208faa319b29c8b8a52b35dd0ec9e7976dad9a.file.head2.html.php 第 145 行.
NOTIC: [8] Undefined index: username C:\xampp\htdocs\training\Home\Runtime\Cache\6a73f56a9b100125fd7da9ebc8694feac984f8cc.file.otheredu.html.php 第 77 行.
NOTIC: [8] Undefined index: username C:\xampp\htdocs\training\Home\Runtime\Cache\6a73f56a9b100125fd7da9ebc8694feac984f8cc.file.otheredu.html.php 第 114 行.
NOTIC: [8] Undefined index: user C:\xampp\htdocs\training\Home\Runtime\Cache\6a73f56a9b100125fd7da9ebc8694feac984f8cc.file.otheredu.html.php 第 169 行.
NOTIC: [8] Undefined index: user C:\xampp\htdocs\training\Home\Runtime\Cache\6a73f56a9b100125fd7da9ebc8694feac984f8cc.file.otheredu.html.php 第 171 行.
NOTIC: [8] Undefined index: user C:\xampp\htdocs\training\Home\Runtime\Cache\6a73f56a9b100125fd7da9ebc8694feac984f8cc.file.otheredu.html.php 第 180 行.
NOTIC: [8] Undefined index: user C:\xampp\htdocs\training\Home\Runtime\Cache\6a73f56a9b100125fd7da9ebc8694feac984f8cc.file.otheredu.html.php 第 181 行.
NOTIC: [8] Undefined index: user C:\xampp\htdocs\training\Home\Runtime\Cache\6a73f56a9b100125fd7da9ebc8694feac984f8cc.file.otheredu.html.php 第 182 行.
NOTIC: [8] Undefined index: username C:\xampp\htdocs\training\Home\Runtime\Cache\6a73f56a9b100125fd7da9ebc8694feac984f8cc.file.otheredu.html.php 第 203 行.
NOTIC: [8] Undefined index: username C:\xampp\htdocs\training\Home\Runtime\Cache\6a73f56a9b100125fd7da9ebc8694feac984f8cc.file.otheredu.html.php 第 206 行.
NOTIC: [8] Undefined index: picture C:\xampp\htdocs\training\Home\Runtime\Cache\6a73f56a9b100125fd7da9ebc8694feac984f8cc.file.otheredu.html.php 第 207 行.
NOTIC: [8] Undefined index: id C:\xampp\htdocs\training\Home\Runtime\Cache\6a73f56a9b100125fd7da9ebc8694feac984f8cc.file.otheredu.html.php 第 230 行.
NOTIC: [8] Undefined index: id C:\xampp\htdocs\training\Home\Runtime\Cache\6a73f56a9b100125fd7da9ebc8694feac984f8cc.file.otheredu.html.php 第 247 行.
NOTIC: [8] Undefined index: introduce C:\xampp\htdocs\training\Home\Runtime\Cache\6a73f56a9b100125fd7da9ebc8694feac984f8cc.file.otheredu.html.php 第 267 行.
NOTIC: [8] Undefined index: addtime C:\xampp\htdocs\training\Home\Runtime\Cache\6a73f56a9b100125fd7da9ebc8694feac984f8cc.file.otheredu.html.php 第 269 行.
NOTIC: [8] Undefined index: id C:\xampp\htdocs\training\Home\Runtime\Cache\6a73f56a9b100125fd7da9ebc8694feac984f8cc.file.otheredu.html.php 第 276 行.
NOTIC: [8] Undefined index: id C:\xampp\htdocs\training\Home\Runtime\Cache\6a73f56a9b100125fd7da9ebc8694feac984f8cc.file.otheredu.html.php 第 281 行.
NOTIC: [8] Undefined index: id C:\xampp\htdocs\training\Home\Runtime\Cache\6a73f56a9b100125fd7da9ebc8694feac984f8cc.file.otheredu.html.php 第 286 行.
NOTIC: [8] Undefined index: id C:\xampp\htdocs\training\Home\Runtime\Cache\6a73f56a9b100125fd7da9ebc8694feac984f8cc.file.otheredu.html.php 第 291 行.
INFO: ParseTemplate Behavior ::run [ RunTime:0.002003s ]
INFO: [ view_parse ] --END-- [ RunTime:-0.051066s ]
INFO: [ view_filter ] --START--
INFO: ContentReplace Behavior ::run [ RunTime:0.001001s ]
INFO: TokenBuild Behavior ::run [ RunTime:0.000000s ]
INFO: WriteHtmlCache Behavior ::run [ RunTime:0.000000s ]
INFO: ShowRuntime Behavior ::run [ RunTime:0.000000s ]
INFO: [ view_filter ] --END-- [ RunTime:-0.051067s ]
NOTIC: [2] Cannot modify header information - headers already sent by (output started at C:\xampp\htdocs\training\ThinkPHP\Lib\Core\View.class.php:99) C:\xampp\htdocs\training\ThinkPHP\Lib\Core\View.class.php 第 95 行.
NOTIC: [2] Cannot modify header information - headers already sent by (output started at C:\xampp\htdocs\training\ThinkPHP\Lib\Core\View.class.php:99) C:\xampp\htdocs\training\ThinkPHP\Lib\Core\View.class.php 第 96 行.
NOTIC: [2] Cannot modify header information - headers already sent by (output started at C:\xampp\htdocs\training\ThinkPHP\Lib\Core\View.class.php:99) C:\xampp\htdocs\training\ThinkPHP\Lib\Core\View.class.php 第 97 行.
INFO: [ view_end ] --START--
INFO: ShowPageTrace Behavior ::run [ RunTime:0.000000s ]
INFO: [ view_end ] --END-- [ RunTime:-0.051066s ]

[ 2017-04-28T13:00:26+08:00 ] 0.0.0.0 /training/index.php/Video/index
INFO: [ route_check ] --START--
INFO: CheckRoute Behavior ::run [ RunTime:0.001001s ]
INFO: [ route_check ] --END-- [ RunTime:0.001001s ]
NOTIC: [8192] preg_replace(): The /e modifier is deprecated, use preg_replace_callback instead C:\xampp\htdocs\training\ThinkPHP\Lib\Core\Dispatcher.class.php 第 132 行.
INFO: [ app_begin ] --START--
INFO: ReadHtmlCache Behavior ::run [ RunTime:0.001001s ]
INFO: [ app_begin ] --END-- [ RunTime:0.001001s ]
NOTIC: [8192] mysql_connect(): The mysql extension is deprecated and will be removed in the future: use mysqli or PDO instead C:\xampp\htdocs\training\ThinkPHP\Lib\Driver\Db\DbMysql.class.php 第 55 行.
SQL: SHOW COLUMNS FROM `edu_video` [ RunTime:0.004005s ]
NOTIC: [8] Undefined index: uid C:\xampp\htdocs\training\Home\Lib\Action\VideoAction.class.php 第 41 行.
NOTIC: [8192] preg_replace(): The /e modifier is deprecated, use preg_replace_callback instead C:\xampp\htdocs\training\ThinkPHP\Lib\Core\Db.class.php 第 604 行.
SQL: SELECT COUNT(*) AS tp_count FROM `edu_video` WHERE ( `status` = '2' ) LIMIT 1   [ RunTime:0.001002s ]
NOTIC: [8192] preg_replace(): The /e modifier is deprecated, use preg_replace_callback instead C:\xampp\htdocs\training\ThinkPHP\Lib\Core\Db.class.php 第 604 行.
SQL: SELECT * FROM `edu_video` WHERE ( `status` = '2' ) ORDER BY clicknum desc LIMIT 0,6   [ RunTime:0.000000s ]
NOTIC: [8192] preg_replace(): The /e modifier is deprecated, use preg_replace_callback instead C:\xampp\htdocs\training\ThinkPHP\Lib\Core\Db.class.php 第 604 行.
SQL: SELECT * FROM `edu_video` WHERE ( status=2 ) ORDER BY addtime desc LIMIT 16   [ RunTime:0.000000s ]
SQL: SHOW COLUMNS FROM `edu_cat` [ RunTime:0.001001s ]
NOTIC: [8192] preg_replace(): The /e modifier is deprecated, use preg_replace_callback instead C:\xampp\htdocs\training\ThinkPHP\Lib\Core\Db.class.php 第 604 行.
SQL: SELECT * FROM `edu_cat` WHERE ( pid=0 ) LIMIT 6   [ RunTime:0.000000s ]
NOTIC: [2048] Declaration of CatAction::show() should be compatible with Action::show($content, $charset = '', $contentType = '', $prefix = '') C:\xampp\htdocs\training\Home\Lib\Action\CatAction.class.php 第 0 行.
NOTIC: [8] Undefined index: id C:\xampp\htdocs\training\Home\Lib\Action\CatAction.class.php 第 35 行.
NOTIC: [8192] preg_replace(): The /e modifier is deprecated, use preg_replace_callback instead C:\xampp\htdocs\training\ThinkPHP\Lib\Core\Db.class.php 第 604 行.
SQL: SELECT `id`,`name`,`path` FROM `edu_cat` ORDER BY concat(path,id)  [ RunTime:0.000000s ]
NOTIC: [8] Undefined index: user C:\xampp\htdocs\training\Home\Lib\Action\VideoAction.class.php 第 91 行.
NOTIC: [8] Undefined index: r C:\xampp\htdocs\training\Home\Lib\Action\VideoAction.class.php 第 96 行.
NOTIC: [8] Undefined index: q C:\xampp\htdocs\training\Home\Lib\Action\VideoAction.class.php 第 97 行.
NOTIC: [8] Undefined index: pid C:\xampp\htdocs\training\Home\Lib\Action\VideoAction.class.php 第 101 行.
NOTIC: [8] Undefined index: q C:\xampp\htdocs\training\Home\Lib\Action\VideoAction.class.php 第 101 行.
INFO: [ view_parse ] --START--
NOTIC: [8] Undefined index: user C:\xampp\htdocs\training\Home\Runtime\Cache\6adc493d7d3d92b608b9221da51c9a62733aab0c.file.head.html.php 第 44 行.
NOTIC: [8] Undefined index: user C:\xampp\htdocs\training\Home\Runtime\Cache\6adc493d7d3d92b608b9221da51c9a62733aab0c.file.head.html.php 第 60 行.
NOTIC: [8] Undefined index: user C:\xampp\htdocs\training\Home\Runtime\Cache\96b766e3a87dae98668b126087e13293c9a0b610.file.index.html.php 第 283 行.
NOTIC: [8] Undefined index: user C:\xampp\htdocs\training\Home\Runtime\Cache\96b766e3a87dae98668b126087e13293c9a0b610.file.index.html.php 第 294 行.
NOTIC: [8] Undefined index: user C:\xampp\htdocs\training\Home\Runtime\Cache\96b766e3a87dae98668b126087e13293c9a0b610.file.index.html.php 第 303 行.
NOTIC: [8] Undefined index: title C:\xampp\htdocs\training\Home\Runtime\Cache\96b766e3a87dae98668b126087e13293c9a0b610.file.index.html.php 第 326 行.
NOTIC: [8] Trying to get property of non-object C:\xampp\htdocs\training\Home\Runtime\Cache\96b766e3a87dae98668b126087e13293c9a0b610.file.index.html.php 第 326 行.
INFO: ParseTemplate Behavior ::run [ RunTime:0.006008s ]
INFO: [ view_parse ] --END-- [ RunTime:0.006008s ]
INFO: [ view_filter ] --START--
INFO: ContentReplace Behavior ::run [ RunTime:0.000000s ]
INFO: TokenBuild Behavior ::run [ RunTime:0.000000s ]
INFO: WriteHtmlCache Behavior ::run [ RunTime:0.000000s ]
INFO: ShowRuntime Behavior ::run [ RunTime:0.001001s ]
INFO: [ view_filter ] --END-- [ RunTime:0.002002s ]
INFO: [ view_end ] --START--
INFO: ShowPageTrace Behavior ::run [ RunTime:0.001001s ]
INFO: [ view_end ] --END-- [ RunTime:0.001001s ]

[ 2017-04-28T13:00:28+08:00 ] 0.0.0.0 /training/index.php/Video/play/id/73
INFO: [ route_check ] --START--
INFO: CheckRoute Behavior ::run [ RunTime:0.000000s ]
INFO: [ route_check ] --END-- [ RunTime:0.000000s ]
NOTIC: [8192] preg_replace(): The /e modifier is deprecated, use preg_replace_callback instead C:\xampp\htdocs\training\ThinkPHP\Lib\Core\Dispatcher.class.php 第 132 行.
INFO: [ app_begin ] --START--
INFO: ReadHtmlCache Behavior ::run [ RunTime:0.000000s ]
INFO: [ app_begin ] --END-- [ RunTime:0.000000s ]
NOTIC: [8192] mysql_connect(): The mysql extension is deprecated and will be removed in the future: use mysqli or PDO instead C:\xampp\htdocs\training\ThinkPHP\Lib\Driver\Db\DbMysql.class.php 第 55 行.
SQL: SHOW COLUMNS FROM `edu_video` [ RunTime:0.004005s ]
NOTIC: [8192] preg_replace(): The /e modifier is deprecated, use preg_replace_callback instead C:\xampp\htdocs\training\ThinkPHP\Lib\Core\Db.class.php 第 604 行.
SQL: SELECT * FROM `edu_video` WHERE ( `id` = 73 ) LIMIT 1   [ RunTime:0.000000s ]
SQL: UPDATE `edu_video` SET `tid`=5,`uid`=1,`videoname`='04Java课程基础篇4',`name`='58fcaf26ca7e8.mp4',`picname`='58fcaf26ca7e8.jpg',`descr`='Java课程基础篇4',`size`=5602456,`type`='mp4',`addtime`=1492954919,`favonum`=0,`clicknum`=7,`dwloadnum`=0,`status`=2 WHERE ( `id` = 73 ) [ RunTime:0.000000s ]
SQL: SHOW COLUMNS FROM `edu_note` [ RunTime:0.003004s ]
NOTIC: [8192] preg_replace(): The /e modifier is deprecated, use preg_replace_callback instead C:\xampp\htdocs\training\ThinkPHP\Lib\Core\Db.class.php 第 604 行.
SQL: SELECT * FROM `edu_note` WHERE ( vid=73 ) LIMIT 5   [ RunTime:0.001001s ]
NOTIC: [8192] preg_replace(): The /e modifier is deprecated, use preg_replace_callback instead C:\xampp\htdocs\training\ThinkPHP\Lib\Core\Db.class.php 第 604 行.
SQL: SELECT COUNT(*) AS tp_count FROM `edu_note` WHERE ( vid=73 ) LIMIT 1   [ RunTime:0.000000s ]
SQL: SHOW COLUMNS FROM `edu_videocom` [ RunTime:0.002002s ]
NOTIC: [8192] preg_replace(): The /e modifier is deprecated, use preg_replace_callback instead C:\xampp\htdocs\training\ThinkPHP\Lib\Core\Db.class.php 第 604 行.
SQL: SELECT COUNT(*) AS tp_count FROM `edu_videocom` WHERE ( `vid` = '73' ) LIMIT 1   [ RunTime:0.000000s ]
NOTIC: [8192] preg_replace(): The /e modifier is deprecated, use preg_replace_callback instead C:\xampp\htdocs\training\ThinkPHP\Lib\Core\Db.class.php 第 604 行.
SQL: SELECT * FROM `edu_videocom` WHERE ( `vid` = '73' ) ORDER BY addtime desc LIMIT 0,5   [ RunTime:0.000000s ]
NOTIC: [2] Invalid argument supplied for foreach() C:\xampp\htdocs\training\Home\Lib\Action\VideocomAction.class.php 第 25 行.
SQL: SHOW COLUMNS FROM `edu_zan` [ RunTime:0.001001s ]
SQL: SHOW COLUMNS FROM `edu_collect` [ RunTime:0.001001s ]
NOTIC: [8] Undefined index: user C:\xampp\htdocs\training\Home\Lib\Action\VideoAction.class.php 第 244 行.
NOTIC: [8192] preg_replace(): The /e modifier is deprecated, use preg_replace_callback instead C:\xampp\htdocs\training\ThinkPHP\Lib\Core\Db.class.php 第 604 行.
SQL: SELECT * FROM `edu_zan` WHERE ( `uid` = null ) AND ( `vid` = '73' ) LIMIT 1   [ RunTime:0.000000s ]
NOTIC: [8192] preg_replace(): The /e modifier is deprecated, use preg_replace_callback instead C:\xampp\htdocs\training\ThinkPHP\Lib\Core\Db.class.php 第 604 行.
SQL: SELECT * FROM `edu_collect` WHERE ( `uid` = null ) AND ( `vid` = '73' ) LIMIT 1   [ RunTime:0.001001s ]
NOTIC: [8192] preg_replace(): The /e modifier is deprecated, use preg_replace_callback instead C:\xampp\htdocs\training\ThinkPHP\Lib\Core\Db.class.php 第 604 行.
SQL: SELECT * FROM `edu_video` WHERE ( id<>73 ) ORDER BY clicknum desc LIMIT 6   [ RunTime:0.000000s ]
INFO: [ view_parse ] --START--
NOTIC: [8] Undefined index: user C:\xampp\htdocs\training\Home\Runtime\Cache\6adc493d7d3d92b608b9221da51c9a62733aab0c.file.head.html.php 第 44 行.
NOTIC: [8] Undefined index: user C:\xampp\htdocs\training\Home\Runtime\Cache\6adc493d7d3d92b608b9221da51c9a62733aab0c.file.head.html.php 第 60 行.
NOTIC: [8] Undefined index: user C:\xampp\htdocs\training\Home\Runtime\Cache\7a0f92b3b2b4bf52cf22b5aec149172bb99f5c62.file.play.html.php 第 134 行.
NOTIC: [8] Undefined index: user C:\xampp\htdocs\training\Home\Runtime\Cache\7a0f92b3b2b4bf52cf22b5aec149172bb99f5c62.file.play.html.php 第 147 行.
NOTIC: [8] Undefined index: user C:\xampp\htdocs\training\Home\Runtime\Cache\7a0f92b3b2b4bf52cf22b5aec149172bb99f5c62.file.play.html.php 第 155 行.
NOTIC: [8] Undefined index: user C:\xampp\htdocs\training\Home\Runtime\Cache\7a0f92b3b2b4bf52cf22b5aec149172bb99f5c62.file.play.html.php 第 256 行.
NOTIC: [8] Undefined index: user C:\xampp\htdocs\training\Home\Runtime\Cache\7a0f92b3b2b4bf52cf22b5aec149172bb99f5c62.file.play.html.php 第 264 行.
NOTIC: [8] Undefined index: user C:\xampp\htdocs\training\Home\Runtime\Cache\7a0f92b3b2b4bf52cf22b5aec149172bb99f5c62.file.play.html.php 第 369 行.
NOTIC: [8] Undefined index: user C:\xampp\htdocs\training\Home\Runtime\Cache\7a0f92b3b2b4bf52cf22b5aec149172bb99f5c62.file.play.html.php 第 415 行.
NOTIC: [8] Undefined index: user C:\xampp\htdocs\training\Home\Runtime\Cache\7a0f92b3b2b4bf52cf22b5aec149172bb99f5c62.file.play.html.php 第 481 行.
INFO: ParseTemplate Behavior ::run [ RunTime:0.003004s ]
INFO: [ view_parse ] --END-- [ RunTime:0.003004s ]
INFO: [ view_filter ] --START--
INFO: ContentReplace Behavior ::run [ RunTime:0.000000s ]
INFO: TokenBuild Behavior ::run [ RunTime:0.001001s ]
INFO: WriteHtmlCache Behavior ::run [ RunTime:0.000000s ]
INFO: ShowRuntime Behavior ::run [ RunTime:0.000000s ]
INFO: [ view_filter ] --END-- [ RunTime:0.001001s ]
INFO: [ view_end ] --START--
INFO: ShowPageTrace Behavior ::run [ RunTime:0.000000s ]
INFO: [ view_end ] --END-- [ RunTime:0.001002s ]

[ 2017-04-28T13:12:38+08:00 ] 0.0.0.0 /training/index.php/Question/add
INFO: [ route_check ] --START--
INFO: CheckRoute Behavior ::run [ RunTime:0.000000s ]
INFO: [ route_check ] --END-- [ RunTime:0.001001s ]
NOTIC: [8192] preg_replace(): The /e modifier is deprecated, use preg_replace_callback instead C:\xampp\htdocs\training\ThinkPHP\Lib\Core\Dispatcher.class.php 第 132 行.
INFO: [ app_begin ] --START--
INFO: ReadHtmlCache Behavior ::run [ RunTime:0.001000s ]
INFO: [ app_begin ] --END-- [ RunTime:0.001000s ]
NOTIC: [2048] Declaration of QuestionAction::show() should be compatible with Action::show($content, $charset = '', $contentType = '', $prefix = '') C:\xampp\htdocs\training\Home\Lib\Action\QuestionAction.class.php 第 0 行.
NOTIC: [8] Undefined index: user C:\xampp\htdocs\training\Home\Lib\Action\QuestionAction.class.php 第 107 行.

[ 2017-04-28T13:12:38+08:00 ] 0.0.0.0 /training/index.php/Users/login.html
INFO: [ route_check ] --START--
INFO: CheckRoute Behavior ::run [ RunTime:0.001000s ]
INFO: [ route_check ] --END-- [ RunTime:0.002000s ]
NOTIC: [8192] preg_replace(): The /e modifier is deprecated, use preg_replace_callback instead C:\xampp\htdocs\training\ThinkPHP\Lib\Core\Dispatcher.class.php 第 132 行.
INFO: [ app_begin ] --START--
INFO: ReadHtmlCache Behavior ::run [ RunTime:0.001000s ]
INFO: [ app_begin ] --END-- [ RunTime:0.001000s ]
NOTIC: [8] A session had already been started - ignoring session_start() C:\xampp\htdocs\training\Home\Lib\Action\UsersAction.class.php 第 2 行.
INFO: [ view_parse ] --START--
NOTIC: [8] Undefined index: user C:\xampp\htdocs\training\Home\Runtime\Cache\5eb86b5f52faad6893408a91f10736e2d8252303.file.login.html.php 第 73 行.
NOTIC: [8] Undefined index: user C:\xampp\htdocs\training\Home\Runtime\Cache\5eb86b5f52faad6893408a91f10736e2d8252303.file.login.html.php 第 82 行.
INFO: ParseTemplate Behavior ::run [ RunTime:0.010002s ]
INFO: [ view_parse ] --END-- [ RunTime:0.010002s ]
INFO: [ view_filter ] --START--
INFO: ContentReplace Behavior ::run [ RunTime:0.001001s ]
INFO: TokenBuild Behavior ::run [ RunTime:0.000000s ]
INFO: WriteHtmlCache Behavior ::run [ RunTime:0.001000s ]
INFO: ShowRuntime Behavior ::run [ RunTime:0.000000s ]
INFO: [ view_filter ] --END-- [ RunTime:0.002001s ]
INFO: [ view_end ] --START--
INFO: ShowPageTrace Behavior ::run [ RunTime:0.000000s ]
INFO: [ view_end ] --END-- [ RunTime:0.000000s ]

[ 2017-04-28T13:12:38+08:00 ] 0.0.0.0 /training/index.php/Users/training/Public/css/simple.css
INFO: [ route_check ] --START--
INFO: CheckRoute Behavior ::run [ RunTime:0.001000s ]
INFO: [ route_check ] --END-- [ RunTime:0.001000s ]
NOTIC: [8192] preg_replace(): The /e modifier is deprecated, use preg_replace_callback instead C:\xampp\htdocs\training\ThinkPHP\Lib\Core\Dispatcher.class.php 第 132 行.
INFO: [ app_begin ] --START--
INFO: ReadHtmlCache Behavior ::run [ RunTime:0.000000s ]
INFO: [ app_begin ] --END-- [ RunTime:0.001000s ]
NOTIC: [8] A session had already been started - ignoring session_start() C:\xampp\htdocs\training\Home\Lib\Action\UsersAction.class.php 第 2 行.
ERR: 非法操作:training

